{"C:\\Users\\logan\\OneDrive\\Documents\\GitHub\\College-Classes\\456 - Adv Web Dev\\Lab\\11-13-24\\battleship\\battleship2\\src\\lib\\buildShip.lib.ts": {"path":"C:\\Users\\logan\\OneDrive\\Documents\\GitHub\\College-Classes\\456 - Adv Web Dev\\Lab\\11-13-24\\battleship\\battleship2\\src\\lib\\buildShip.lib.ts","all":false,"statementMap":{"0":{"start":{"line":1,"column":0},"end":{"line":1,"column":48}},"23":{"start":{"line":24,"column":0},"end":{"line":24,"column":87}},"24":{"start":{"line":25,"column":0},"end":{"line":25,"column":18}},"25":{"start":{"line":26,"column":0},"end":{"line":26,"column":39}},"26":{"start":{"line":27,"column":0},"end":{"line":27,"column":18}},"27":{"start":{"line":28,"column":0},"end":{"line":28,"column":5}},"28":{"start":{"line":29,"column":0},"end":{"line":29,"column":41}},"29":{"start":{"line":30,"column":0},"end":{"line":30,"column":18}},"30":{"start":{"line":31,"column":0},"end":{"line":31,"column":5}},"31":{"start":{"line":32,"column":0},"end":{"line":32,"column":41}},"32":{"start":{"line":33,"column":0},"end":{"line":33,"column":18}},"33":{"start":{"line":34,"column":0},"end":{"line":34,"column":5}},"34":{"start":{"line":35,"column":0},"end":{"line":35,"column":43}},"35":{"start":{"line":36,"column":0},"end":{"line":36,"column":18}},"36":{"start":{"line":37,"column":0},"end":{"line":37,"column":5}},"37":{"start":{"line":38,"column":0},"end":{"line":38,"column":43}},"38":{"start":{"line":39,"column":0},"end":{"line":39,"column":18}},"39":{"start":{"line":40,"column":0},"end":{"line":40,"column":5}},"40":{"start":{"line":41,"column":0},"end":{"line":41,"column":12}},"41":{"start":{"line":42,"column":0},"end":{"line":42,"column":22}},"42":{"start":{"line":43,"column":0},"end":{"line":43,"column":23}},"43":{"start":{"line":44,"column":0},"end":{"line":44,"column":19}},"44":{"start":{"line":45,"column":0},"end":{"line":45,"column":33}},"45":{"start":{"line":46,"column":0},"end":{"line":46,"column":22}},"46":{"start":{"line":47,"column":0},"end":{"line":47,"column":17}},"47":{"start":{"line":48,"column":0},"end":{"line":48,"column":5}},"48":{"start":{"line":49,"column":0},"end":{"line":49,"column":1}}},"s":{"0":1,"23":10,"24":10,"25":10,"26":2,"27":2,"28":8,"29":2,"30":2,"31":6,"32":2,"33":2,"34":4,"35":2,"36":2,"37":2,"38":2,"39":2,"40":10,"41":10,"42":10,"43":10,"44":10,"45":10,"46":10,"47":10,"48":10},"branchMap":{"0":{"type":"branch","line":24,"loc":{"start":{"line":24,"column":0},"end":{"line":49,"column":1}},"locations":[{"start":{"line":24,"column":0},"end":{"line":49,"column":1}}]},"1":{"type":"branch","line":26,"loc":{"start":{"line":26,"column":38},"end":{"line":28,"column":5}},"locations":[{"start":{"line":26,"column":38},"end":{"line":28,"column":5}}]},"2":{"type":"branch","line":28,"loc":{"start":{"line":28,"column":4},"end":{"line":40,"column":5}},"locations":[{"start":{"line":28,"column":4},"end":{"line":40,"column":5}}]},"3":{"type":"branch","line":29,"loc":{"start":{"line":29,"column":40},"end":{"line":31,"column":5}},"locations":[{"start":{"line":29,"column":40},"end":{"line":31,"column":5}}]},"4":{"type":"branch","line":31,"loc":{"start":{"line":31,"column":4},"end":{"line":40,"column":5}},"locations":[{"start":{"line":31,"column":4},"end":{"line":40,"column":5}}]},"5":{"type":"branch","line":32,"loc":{"start":{"line":32,"column":40},"end":{"line":34,"column":5}},"locations":[{"start":{"line":32,"column":40},"end":{"line":34,"column":5}}]},"6":{"type":"branch","line":34,"loc":{"start":{"line":34,"column":4},"end":{"line":40,"column":5}},"locations":[{"start":{"line":34,"column":4},"end":{"line":40,"column":5}}]},"7":{"type":"branch","line":35,"loc":{"start":{"line":35,"column":42},"end":{"line":40,"column":5}},"locations":[{"start":{"line":35,"column":42},"end":{"line":40,"column":5}}]}},"b":{"0":[10],"1":[2],"2":[8],"3":[2],"4":[6],"5":[2],"6":[4],"7":[2]},"fnMap":{"0":{"name":"buildShip","decl":{"start":{"line":24,"column":0},"end":{"line":49,"column":1}},"loc":{"start":{"line":24,"column":0},"end":{"line":49,"column":1}},"line":24}},"f":{"0":10}}
,"C:\\Users\\logan\\OneDrive\\Documents\\GitHub\\College-Classes\\456 - Adv Web Dev\\Lab\\11-13-24\\battleship\\battleship2\\src\\lib\\generateShips.lib.ts": {"path":"C:\\Users\\logan\\OneDrive\\Documents\\GitHub\\College-Classes\\456 - Adv Web Dev\\Lab\\11-13-24\\battleship\\battleship2\\src\\lib\\generateShips.lib.ts","all":false,"statementMap":{"0":{"start":{"line":1,"column":0},"end":{"line":1,"column":48}},"22":{"start":{"line":23,"column":0},"end":{"line":23,"column":49}},"23":{"start":{"line":24,"column":0},"end":{"line":24,"column":30}},"24":{"start":{"line":25,"column":0},"end":{"line":25,"column":115}},"25":{"start":{"line":26,"column":0},"end":{"line":26,"column":34}},"26":{"start":{"line":27,"column":0},"end":{"line":27,"column":66}},"27":{"start":{"line":28,"column":0},"end":{"line":28,"column":5}},"28":{"start":{"line":29,"column":0},"end":{"line":29,"column":19}},"29":{"start":{"line":30,"column":0},"end":{"line":30,"column":1}}},"s":{"0":1,"22":2,"23":2,"24":2,"25":2,"26":10,"27":10,"28":2,"29":2},"branchMap":{"0":{"type":"branch","line":23,"loc":{"start":{"line":23,"column":0},"end":{"line":30,"column":1}},"locations":[{"start":{"line":23,"column":0},"end":{"line":30,"column":1}}]},"1":{"type":"branch","line":26,"loc":{"start":{"line":26,"column":33},"end":{"line":28,"column":5}},"locations":[{"start":{"line":26,"column":33},"end":{"line":28,"column":5}}]}},"b":{"0":[2],"1":[10]},"fnMap":{"0":{"name":"generateShips","decl":{"start":{"line":23,"column":0},"end":{"line":30,"column":1}},"loc":{"start":{"line":23,"column":0},"end":{"line":30,"column":1}},"line":23}},"f":{"0":2}}
,"C:\\Users\\logan\\OneDrive\\Documents\\GitHub\\College-Classes\\456 - Adv Web Dev\\Lab\\11-13-24\\battleship\\battleship2\\src\\lib\\generateTiles.lib.ts": {"path":"C:\\Users\\logan\\OneDrive\\Documents\\GitHub\\College-Classes\\456 - Adv Web Dev\\Lab\\11-13-24\\battleship\\battleship2\\src\\lib\\generateTiles.lib.ts","all":false,"statementMap":{"0":{"start":{"line":1,"column":0},"end":{"line":1,"column":48}},"26":{"start":{"line":27,"column":0},"end":{"line":27,"column":51}},"27":{"start":{"line":28,"column":0},"end":{"line":28,"column":62}},"28":{"start":{"line":29,"column":0},"end":{"line":29,"column":30}},"29":{"start":{"line":30,"column":0},"end":{"line":30,"column":37}},"30":{"start":{"line":31,"column":0},"end":{"line":31,"column":50}},"31":{"start":{"line":32,"column":0},"end":{"line":32,"column":19}},"32":{"start":{"line":33,"column":0},"end":{"line":33,"column":6}},"33":{"start":{"line":34,"column":0},"end":{"line":34,"column":19}},"34":{"start":{"line":35,"column":0},"end":{"line":35,"column":1}}},"s":{"0":1,"26":4,"27":4,"28":4,"29":40,"30":400,"31":400,"32":40,"33":4,"34":4},"branchMap":{"0":{"type":"branch","line":27,"loc":{"start":{"line":27,"column":0},"end":{"line":35,"column":1}},"locations":[{"start":{"line":27,"column":0},"end":{"line":35,"column":1}}]},"1":{"type":"branch","line":29,"loc":{"start":{"line":29,"column":29},"end":{"line":33,"column":6}},"locations":[{"start":{"line":29,"column":29},"end":{"line":33,"column":6}}]},"2":{"type":"branch","line":30,"loc":{"start":{"line":30,"column":36},"end":{"line":32,"column":19}},"locations":[{"start":{"line":30,"column":36},"end":{"line":32,"column":19}}]}},"b":{"0":[4],"1":[40],"2":[400]},"fnMap":{"0":{"name":"generateTiles","decl":{"start":{"line":27,"column":0},"end":{"line":35,"column":1}},"loc":{"start":{"line":27,"column":0},"end":{"line":35,"column":1}},"line":27}},"f":{"0":4}}
,"C:\\Users\\logan\\OneDrive\\Documents\\GitHub\\College-Classes\\456 - Adv Web Dev\\Lab\\11-13-24\\battleship\\battleship2\\src\\lib\\getShipInTiles.lib.ts": {"path":"C:\\Users\\logan\\OneDrive\\Documents\\GitHub\\College-Classes\\456 - Adv Web Dev\\Lab\\11-13-24\\battleship\\battleship2\\src\\lib\\getShipInTiles.lib.ts","all":false,"statementMap":{"27":{"start":{"line":28,"column":0},"end":{"line":28,"column":119}},"28":{"start":{"line":29,"column":0},"end":{"line":29,"column":45}},"29":{"start":{"line":30,"column":0},"end":{"line":30,"column":42}},"30":{"start":{"line":31,"column":0},"end":{"line":31,"column":44}},"31":{"start":{"line":32,"column":0},"end":{"line":32,"column":60}},"32":{"start":{"line":33,"column":0},"end":{"line":33,"column":31}},"33":{"start":{"line":34,"column":0},"end":{"line":34,"column":17}},"34":{"start":{"line":35,"column":0},"end":{"line":35,"column":13}},"35":{"start":{"line":36,"column":0},"end":{"line":36,"column":9}},"36":{"start":{"line":37,"column":0},"end":{"line":37,"column":5}},"37":{"start":{"line":38,"column":0},"end":{"line":38,"column":20}},"38":{"start":{"line":39,"column":0},"end":{"line":39,"column":1}}},"s":{"27":1,"28":1,"29":1,"30":1,"31":1,"32":1,"33":1,"34":1,"35":0,"36":0,"37":0,"38":0},"branchMap":{"0":{"type":"branch","line":28,"loc":{"start":{"line":28,"column":0},"end":{"line":39,"column":1}},"locations":[{"start":{"line":28,"column":0},"end":{"line":39,"column":1}}]},"1":{"type":"branch","line":35,"loc":{"start":{"line":35,"column":12},"end":{"line":39,"column":1}},"locations":[{"start":{"line":35,"column":12},"end":{"line":39,"column":1}}]}},"b":{"0":[1],"1":[0]},"fnMap":{"0":{"name":"getShipInTiles","decl":{"start":{"line":28,"column":0},"end":{"line":39,"column":1}},"loc":{"start":{"line":28,"column":0},"end":{"line":39,"column":1}},"line":28}},"f":{"0":1}}
,"C:\\Users\\logan\\OneDrive\\Documents\\GitHub\\College-Classes\\456 - Adv Web Dev\\Lab\\11-13-24\\battleship\\battleship2\\src\\types\\OrientationType.enum.ts": {"path":"C:\\Users\\logan\\OneDrive\\Documents\\GitHub\\College-Classes\\456 - Adv Web Dev\\Lab\\11-13-24\\battleship\\battleship2\\src\\types\\OrientationType.enum.ts","all":false,"statementMap":{"9":{"start":{"line":10,"column":0},"end":{"line":10,"column":29}},"10":{"start":{"line":11,"column":0},"end":{"line":11,"column":30}},"11":{"start":{"line":12,"column":0},"end":{"line":12,"column":25}}},"s":{"9":1,"10":1,"11":1},"branchMap":{"0":{"type":"branch","line":10,"loc":{"start":{"line":10,"column":7},"end":{"line":10,"column":29}},"locations":[{"start":{"line":10,"column":7},"end":{"line":10,"column":29}}]}},"b":{"0":[1]},"fnMap":{},"f":{}}
,"C:\\Users\\logan\\OneDrive\\Documents\\GitHub\\College-Classes\\456 - Adv Web Dev\\Lab\\11-13-24\\battleship\\battleship2\\src\\types\\ShipType.enum.ts": {"path":"C:\\Users\\logan\\OneDrive\\Documents\\GitHub\\College-Classes\\456 - Adv Web Dev\\Lab\\11-13-24\\battleship\\battleship2\\src\\types\\ShipType.enum.ts","all":false,"statementMap":{"12":{"start":{"line":13,"column":0},"end":{"line":13,"column":22}},"13":{"start":{"line":14,"column":0},"end":{"line":14,"column":24}},"14":{"start":{"line":15,"column":0},"end":{"line":15,"column":30}},"15":{"start":{"line":16,"column":0},"end":{"line":16,"column":24}},"16":{"start":{"line":17,"column":0},"end":{"line":17,"column":28}},"17":{"start":{"line":18,"column":0},"end":{"line":18,"column":27}}},"s":{"12":1,"13":1,"14":1,"15":1,"16":1,"17":1},"branchMap":{"0":{"type":"branch","line":13,"loc":{"start":{"line":13,"column":7},"end":{"line":13,"column":22}},"locations":[{"start":{"line":13,"column":7},"end":{"line":13,"column":22}}]}},"b":{"0":[1]},"fnMap":{},"f":{}}
,"C:\\Users\\logan\\OneDrive\\Documents\\GitHub\\College-Classes\\456 - Adv Web Dev\\Lab\\11-13-24\\battleship\\battleship2\\src\\types\\TileType.enum.ts": {"path":"C:\\Users\\logan\\OneDrive\\Documents\\GitHub\\College-Classes\\456 - Adv Web Dev\\Lab\\11-13-24\\battleship\\battleship2\\src\\types\\TileType.enum.ts","all":false,"statementMap":{"13":{"start":{"line":14,"column":0},"end":{"line":14,"column":22}},"14":{"start":{"line":15,"column":0},"end":{"line":15,"column":10}},"15":{"start":{"line":16,"column":0},"end":{"line":16,"column":12}},"16":{"start":{"line":17,"column":0},"end":{"line":17,"column":14}},"17":{"start":{"line":18,"column":0},"end":{"line":18,"column":9}},"18":{"start":{"line":19,"column":0},"end":{"line":19,"column":8}},"19":{"start":{"line":20,"column":0},"end":{"line":20,"column":8}}},"s":{"13":1,"14":1,"15":1,"16":1,"17":1,"18":1,"19":1},"branchMap":{"0":{"type":"branch","line":14,"loc":{"start":{"line":14,"column":7},"end":{"line":14,"column":22}},"locations":[{"start":{"line":14,"column":7},"end":{"line":14,"column":22}}]}},"b":{"0":[1]},"fnMap":{},"f":{}}
}
