<?xml version="1.0" encoding="UTF-8"?>
<coverage generated="1730329731885" clover="3.2.0">
  <project timestamp="1730329731885" name="All files">
    <metrics statements="39" coveredstatements="39" conditionals="10" coveredconditionals="10" methods="2" coveredmethods="2" elements="51" coveredelements="51" complexity="0" loc="39" ncloc="39" packages="1" files="1" classes="1"/>
    <file name="votes.lib.ts" path="C:\Users\logan\OneDrive\Documents\GitHub\College-Classes\456 - Adv Web Dev\Lab\10-30-24\election\src\lib\votes.lib.ts">
      <metrics statements="39" coveredstatements="39" conditionals="10" coveredconditionals="10" methods="2" coveredmethods="2"/>
      <line num="37" count="1" type="cond" truecount="1" falsecount="0"/>
      <line num="38" count="3" type="stmt"/>
      <line num="39" count="3" type="stmt"/>
      <line num="40" count="3" type="stmt"/>
      <line num="42" count="3" type="cond" truecount="1" falsecount="0"/>
      <line num="43" count="12" type="stmt"/>
      <line num="44" count="12" type="cond" truecount="1" falsecount="0"/>
      <line num="45" count="6" type="stmt"/>
      <line num="46" count="6" type="stmt"/>
      <line num="47" count="6" type="stmt"/>
      <line num="48" count="6" type="stmt"/>
      <line num="49" count="6" type="stmt"/>
      <line num="50" count="6" type="stmt"/>
      <line num="51" count="6" type="cond" truecount="1" falsecount="0"/>
      <line num="52" count="6" type="stmt"/>
      <line num="53" count="6" type="stmt"/>
      <line num="54" count="12" type="stmt"/>
      <line num="55" count="3" type="stmt"/>
      <line num="56" count="3" type="stmt"/>
      <line num="57" count="3" type="stmt"/>
      <line num="58" count="3" type="stmt"/>
      <line num="59" count="3" type="stmt"/>
      <line num="90" count="1" type="cond" truecount="1" falsecount="0"/>
      <line num="91" count="3" type="cond" truecount="1" falsecount="0"/>
      <line num="92" count="1" type="stmt"/>
      <line num="93" count="1" type="cond" truecount="1" falsecount="0"/>
      <line num="94" count="2" type="stmt"/>
      <line num="96" count="2" type="stmt"/>
      <line num="97" count="3" type="cond" truecount="1" falsecount="0"/>
      <line num="98" count="4" type="cond" truecount="1" falsecount="0"/>
      <line num="99" count="1" type="stmt"/>
      <line num="100" count="1" type="stmt"/>
      <line num="101" count="4" type="cond" truecount="1" falsecount="0"/>
      <line num="103" count="2" type="stmt"/>
      <line num="104" count="2" type="stmt"/>
      <line num="105" count="2" type="stmt"/>
      <line num="106" count="2" type="stmt"/>
      <line num="107" count="2" type="stmt"/>
      <line num="108" count="2" type="stmt"/>
    </file>
  </project>
</coverage>
