{"C:\\Users\\logan\\OneDrive\\Documents\\GitHub\\College-Classes\\456 - Adv Web Dev\\Lab\\10-30-24\\election\\src\\lib\\votes.lib.ts": {"path":"C:\\Users\\logan\\OneDrive\\Documents\\GitHub\\College-Classes\\456 - Adv Web Dev\\Lab\\10-30-24\\election\\src\\lib\\votes.lib.ts","all":false,"statementMap":{"36":{"start":{"line":37,"column":0},"end":{"line":37,"column":56}},"37":{"start":{"line":38,"column":0},"end":{"line":38,"column":23}},"38":{"start":{"line":39,"column":0},"end":{"line":39,"column":54}},"39":{"start":{"line":40,"column":0},"end":{"line":40,"column":34}},"41":{"start":{"line":42,"column":0},"end":{"line":42,"column":29}},"42":{"start":{"line":43,"column":0},"end":{"line":43,"column":21}},"43":{"start":{"line":44,"column":0},"end":{"line":44,"column":50}},"44":{"start":{"line":45,"column":0},"end":{"line":45,"column":42}},"45":{"start":{"line":46,"column":0},"end":{"line":46,"column":37}},"46":{"start":{"line":47,"column":0},"end":{"line":47,"column":46}},"47":{"start":{"line":48,"column":0},"end":{"line":48,"column":24}},"48":{"start":{"line":49,"column":0},"end":{"line":49,"column":14}},"49":{"start":{"line":50,"column":0},"end":{"line":50,"column":16}},"50":{"start":{"line":51,"column":0},"end":{"line":51,"column":100}},"51":{"start":{"line":52,"column":0},"end":{"line":52,"column":26}},"52":{"start":{"line":53,"column":0},"end":{"line":53,"column":9}},"53":{"start":{"line":54,"column":0},"end":{"line":54,"column":5}},"54":{"start":{"line":55,"column":0},"end":{"line":55,"column":12}},"55":{"start":{"line":56,"column":0},"end":{"line":56,"column":32}},"56":{"start":{"line":57,"column":0},"end":{"line":57,"column":38}},"57":{"start":{"line":58,"column":0},"end":{"line":58,"column":5}},"58":{"start":{"line":59,"column":0},"end":{"line":59,"column":1}},"89":{"start":{"line":90,"column":0},"end":{"line":90,"column":50}},"90":{"start":{"line":91,"column":0},"end":{"line":91,"column":28}},"91":{"start":{"line":92,"column":0},"end":{"line":92,"column":31}},"92":{"start":{"line":93,"column":0},"end":{"line":93,"column":5}},"93":{"start":{"line":94,"column":0},"end":{"line":94,"column":48}},"95":{"start":{"line":96,"column":0},"end":{"line":96,"column":52}},"96":{"start":{"line":97,"column":0},"end":{"line":97,"column":53}},"97":{"start":{"line":98,"column":0},"end":{"line":98,"column":51}},"98":{"start":{"line":99,"column":0},"end":{"line":99,"column":37}},"99":{"start":{"line":100,"column":0},"end":{"line":100,"column":10}},"100":{"start":{"line":101,"column":0},"end":{"line":101,"column":5}},"102":{"start":{"line":103,"column":0},"end":{"line":103,"column":12}},"103":{"start":{"line":104,"column":0},"end":{"line":104,"column":47}},"104":{"start":{"line":105,"column":0},"end":{"line":105,"column":43}},"105":{"start":{"line":106,"column":0},"end":{"line":106,"column":45}},"106":{"start":{"line":107,"column":0},"end":{"line":107,"column":5}},"107":{"start":{"line":108,"column":0},"end":{"line":108,"column":1}}},"s":{"36":1,"37":3,"38":3,"39":3,"41":3,"42":12,"43":12,"44":6,"45":6,"46":6,"47":6,"48":6,"49":6,"50":6,"51":6,"52":6,"53":12,"54":3,"55":3,"56":3,"57":3,"58":3,"89":1,"90":3,"91":1,"92":1,"93":2,"95":2,"96":3,"97":4,"98":1,"99":1,"100":4,"102":2,"103":2,"104":2,"105":2,"106":2,"107":2},"branchMap":{"0":{"type":"branch","line":37,"loc":{"start":{"line":37,"column":7},"end":{"line":59,"column":1}},"locations":[{"start":{"line":37,"column":7},"end":{"line":59,"column":1}}]},"1":{"type":"branch","line":42,"loc":{"start":{"line":42,"column":28},"end":{"line":54,"column":5}},"locations":[{"start":{"line":42,"column":28},"end":{"line":54,"column":5}}]},"2":{"type":"branch","line":44,"loc":{"start":{"line":44,"column":49},"end":{"line":53,"column":9}},"locations":[{"start":{"line":44,"column":49},"end":{"line":53,"column":9}}]},"3":{"type":"branch","line":51,"loc":{"start":{"line":51,"column":49},"end":{"line":51,"column":98}},"locations":[{"start":{"line":51,"column":49},"end":{"line":51,"column":98}}]},"4":{"type":"branch","line":90,"loc":{"start":{"line":90,"column":7},"end":{"line":108,"column":1}},"locations":[{"start":{"line":90,"column":7},"end":{"line":108,"column":1}}]},"5":{"type":"branch","line":91,"loc":{"start":{"line":91,"column":27},"end":{"line":93,"column":5}},"locations":[{"start":{"line":91,"column":27},"end":{"line":93,"column":5}}]},"6":{"type":"branch","line":93,"loc":{"start":{"line":93,"column":4},"end":{"line":97,"column":52}},"locations":[{"start":{"line":93,"column":4},"end":{"line":97,"column":52}}]},"7":{"type":"branch","line":97,"loc":{"start":{"line":97,"column":52},"end":{"line":101,"column":5}},"locations":[{"start":{"line":97,"column":52},"end":{"line":101,"column":5}}]},"8":{"type":"branch","line":98,"loc":{"start":{"line":98,"column":50},"end":{"line":100,"column":10}},"locations":[{"start":{"line":98,"column":50},"end":{"line":100,"column":10}}]},"9":{"type":"branch","line":101,"loc":{"start":{"line":101,"column":4},"end":{"line":108,"column":1}},"locations":[{"start":{"line":101,"column":4},"end":{"line":108,"column":1}}]}},"b":{"0":[3],"1":[12],"2":[6],"3":[9],"4":[3],"5":[1],"6":[2],"7":[4],"8":[1],"9":[2]},"fnMap":{"0":{"name":"getVoteResults","decl":{"start":{"line":37,"column":7},"end":{"line":59,"column":1}},"loc":{"start":{"line":37,"column":7},"end":{"line":59,"column":1}},"line":37},"1":{"name":"getWinner","decl":{"start":{"line":90,"column":7},"end":{"line":108,"column":1}},"loc":{"start":{"line":90,"column":7},"end":{"line":108,"column":1}},"line":90}},"f":{"0":3,"1":3}}
}
