{"C:\\Users\\logan\\OneDrive\\Documents\\GitHub\\College-Classes\\456 - Adv Web Dev\\Lab\\9-25-24\\lab_3_files\\lab_3_files\\functions.js": {"path":"C:\\Users\\logan\\OneDrive\\Documents\\GitHub\\College-Classes\\456 - Adv Web Dev\\Lab\\9-25-24\\lab_3_files\\lab_3_files\\functions.js","all":false,"statementMap":{"0":{"start":{"line":1,"column":0},"end":{"line":1,"column":69}},"1":{"start":{"line":2,"column":0},"end":{"line":2,"column":41}},"2":{"start":{"line":3,"column":0},"end":{"line":3,"column":70}},"3":{"start":{"line":4,"column":0},"end":{"line":4,"column":10}},"4":{"start":{"line":5,"column":0},"end":{"line":5,"column":5}},"5":{"start":{"line":6,"column":0},"end":{"line":6,"column":0}},"6":{"start":{"line":7,"column":0},"end":{"line":7,"column":70}},"7":{"start":{"line":8,"column":0},"end":{"line":8,"column":67}},"8":{"start":{"line":9,"column":0},"end":{"line":9,"column":67}},"9":{"start":{"line":10,"column":0},"end":{"line":10,"column":69}},"10":{"start":{"line":11,"column":0},"end":{"line":11,"column":63}},"11":{"start":{"line":12,"column":0},"end":{"line":12,"column":0}},"12":{"start":{"line":13,"column":0},"end":{"line":13,"column":69}},"13":{"start":{"line":14,"column":0},"end":{"line":14,"column":66}},"14":{"start":{"line":15,"column":0},"end":{"line":15,"column":67}},"15":{"start":{"line":16,"column":0},"end":{"line":16,"column":66}},"16":{"start":{"line":17,"column":0},"end":{"line":17,"column":62}},"17":{"start":{"line":18,"column":0},"end":{"line":18,"column":14}},"18":{"start":{"line":19,"column":0},"end":{"line":19,"column":0}},"19":{"start":{"line":20,"column":0},"end":{"line":20,"column":75}},"20":{"start":{"line":21,"column":0},"end":{"line":21,"column":63}},"21":{"start":{"line":22,"column":0},"end":{"line":22,"column":0}},"22":{"start":{"line":23,"column":0},"end":{"line":23,"column":71}},"23":{"start":{"line":24,"column":0},"end":{"line":24,"column":68}},"24":{"start":{"line":25,"column":0},"end":{"line":25,"column":49}},"25":{"start":{"line":26,"column":0},"end":{"line":26,"column":0}},"26":{"start":{"line":27,"column":0},"end":{"line":27,"column":3}},"27":{"start":{"line":28,"column":0},"end":{"line":28,"column":80}},"28":{"start":{"line":29,"column":0},"end":{"line":29,"column":2}},"29":{"start":{"line":30,"column":0},"end":{"line":30,"column":98}},"30":{"start":{"line":31,"column":0},"end":{"line":31,"column":143}},"31":{"start":{"line":32,"column":0},"end":{"line":32,"column":11}},"32":{"start":{"line":33,"column":0},"end":{"line":33,"column":3}},"33":{"start":{"line":34,"column":0},"end":{"line":34,"column":61}},"34":{"start":{"line":35,"column":0},"end":{"line":35,"column":3}},"35":{"start":{"line":36,"column":0},"end":{"line":36,"column":34}},"36":{"start":{"line":37,"column":0},"end":{"line":37,"column":22}},"37":{"start":{"line":38,"column":0},"end":{"line":38,"column":37}},"38":{"start":{"line":39,"column":0},"end":{"line":39,"column":30}},"39":{"start":{"line":40,"column":0},"end":{"line":40,"column":5}},"40":{"start":{"line":41,"column":0},"end":{"line":41,"column":0}},"41":{"start":{"line":42,"column":0},"end":{"line":42,"column":44}},"42":{"start":{"line":43,"column":0},"end":{"line":43,"column":30}},"43":{"start":{"line":44,"column":0},"end":{"line":44,"column":5}},"44":{"start":{"line":45,"column":0},"end":{"line":45,"column":4}},"45":{"start":{"line":46,"column":0},"end":{"line":46,"column":38}},"46":{"start":{"line":47,"column":0},"end":{"line":47,"column":30}},"47":{"start":{"line":48,"column":0},"end":{"line":48,"column":5}},"48":{"start":{"line":49,"column":0},"end":{"line":49,"column":0}},"49":{"start":{"line":50,"column":0},"end":{"line":50,"column":39}},"50":{"start":{"line":51,"column":0},"end":{"line":51,"column":21}},"51":{"start":{"line":52,"column":0},"end":{"line":52,"column":41}},"52":{"start":{"line":53,"column":0},"end":{"line":53,"column":9}},"53":{"start":{"line":54,"column":0},"end":{"line":54,"column":5}},"54":{"start":{"line":55,"column":0},"end":{"line":55,"column":33}},"55":{"start":{"line":56,"column":0},"end":{"line":56,"column":20}},"56":{"start":{"line":57,"column":0},"end":{"line":57,"column":1}},"57":{"start":{"line":58,"column":0},"end":{"line":58,"column":0}},"58":{"start":{"line":59,"column":0},"end":{"line":59,"column":29}},"59":{"start":{"line":60,"column":0},"end":{"line":60,"column":0}},"60":{"start":{"line":61,"column":0},"end":{"line":61,"column":3}},"61":{"start":{"line":62,"column":0},"end":{"line":62,"column":47}},"62":{"start":{"line":63,"column":0},"end":{"line":63,"column":2}},"63":{"start":{"line":64,"column":0},"end":{"line":64,"column":60}},"64":{"start":{"line":65,"column":0},"end":{"line":65,"column":138}},"65":{"start":{"line":66,"column":0},"end":{"line":66,"column":11}},"66":{"start":{"line":67,"column":0},"end":{"line":67,"column":3}},"67":{"start":{"line":68,"column":0},"end":{"line":68,"column":40}},"68":{"start":{"line":69,"column":0},"end":{"line":69,"column":3}},"69":{"start":{"line":70,"column":0},"end":{"line":70,"column":36}},"70":{"start":{"line":71,"column":0},"end":{"line":71,"column":29}},"71":{"start":{"line":72,"column":0},"end":{"line":72,"column":37}},"72":{"start":{"line":73,"column":0},"end":{"line":73,"column":34}},"73":{"start":{"line":74,"column":0},"end":{"line":74,"column":9}},"74":{"start":{"line":75,"column":0},"end":{"line":75,"column":5}},"75":{"start":{"line":76,"column":0},"end":{"line":76,"column":20}},"76":{"start":{"line":77,"column":0},"end":{"line":77,"column":30}},"77":{"start":{"line":78,"column":0},"end":{"line":78,"column":30}},"78":{"start":{"line":79,"column":0},"end":{"line":79,"column":5}},"79":{"start":{"line":80,"column":0},"end":{"line":80,"column":27}},"80":{"start":{"line":81,"column":0},"end":{"line":81,"column":47}},"81":{"start":{"line":82,"column":0},"end":{"line":82,"column":34}},"82":{"start":{"line":83,"column":0},"end":{"line":83,"column":9}},"83":{"start":{"line":84,"column":0},"end":{"line":84,"column":5}},"84":{"start":{"line":85,"column":0},"end":{"line":85,"column":0}},"85":{"start":{"line":86,"column":0},"end":{"line":86,"column":27}},"86":{"start":{"line":87,"column":0},"end":{"line":87,"column":21}},"87":{"start":{"line":88,"column":0},"end":{"line":88,"column":5}},"88":{"start":{"line":89,"column":0},"end":{"line":89,"column":39}},"89":{"start":{"line":90,"column":0},"end":{"line":90,"column":19}},"90":{"start":{"line":91,"column":0},"end":{"line":91,"column":1}},"91":{"start":{"line":92,"column":0},"end":{"line":92,"column":0}},"92":{"start":{"line":93,"column":0},"end":{"line":93,"column":28}},"93":{"start":{"line":94,"column":0},"end":{"line":94,"column":0}},"94":{"start":{"line":95,"column":0},"end":{"line":95,"column":3}},"95":{"start":{"line":96,"column":0},"end":{"line":96,"column":64}},"96":{"start":{"line":97,"column":0},"end":{"line":97,"column":2}},"97":{"start":{"line":98,"column":0},"end":{"line":98,"column":55}},"98":{"start":{"line":99,"column":0},"end":{"line":99,"column":128}},"99":{"start":{"line":100,"column":0},"end":{"line":100,"column":11}},"100":{"start":{"line":101,"column":0},"end":{"line":101,"column":3}},"101":{"start":{"line":102,"column":0},"end":{"line":102,"column":75}},"102":{"start":{"line":103,"column":0},"end":{"line":103,"column":3}},"103":{"start":{"line":104,"column":0},"end":{"line":104,"column":44}},"104":{"start":{"line":105,"column":0},"end":{"line":105,"column":34}},"105":{"start":{"line":106,"column":0},"end":{"line":106,"column":30}},"106":{"start":{"line":107,"column":0},"end":{"line":107,"column":5}},"107":{"start":{"line":108,"column":0},"end":{"line":108,"column":75}},"108":{"start":{"line":109,"column":0},"end":{"line":109,"column":193}},"109":{"start":{"line":110,"column":0},"end":{"line":110,"column":18}},"110":{"start":{"line":111,"column":0},"end":{"line":111,"column":23}},"111":{"start":{"line":112,"column":0},"end":{"line":112,"column":26}},"112":{"start":{"line":113,"column":0},"end":{"line":113,"column":36}},"113":{"start":{"line":114,"column":0},"end":{"line":114,"column":23}},"114":{"start":{"line":115,"column":0},"end":{"line":115,"column":45}},"115":{"start":{"line":116,"column":0},"end":{"line":116,"column":28}},"116":{"start":{"line":117,"column":0},"end":{"line":117,"column":9}},"117":{"start":{"line":118,"column":0},"end":{"line":118,"column":5}},"118":{"start":{"line":119,"column":0},"end":{"line":119,"column":58}},"119":{"start":{"line":120,"column":0},"end":{"line":120,"column":1}},"120":{"start":{"line":121,"column":0},"end":{"line":121,"column":0}},"121":{"start":{"line":122,"column":0},"end":{"line":122,"column":3}},"122":{"start":{"line":123,"column":0},"end":{"line":123,"column":53}},"123":{"start":{"line":124,"column":0},"end":{"line":124,"column":2}},"124":{"start":{"line":125,"column":0},"end":{"line":125,"column":60}},"125":{"start":{"line":126,"column":0},"end":{"line":126,"column":150}},"126":{"start":{"line":127,"column":0},"end":{"line":127,"column":11}},"127":{"start":{"line":128,"column":0},"end":{"line":128,"column":3}},"128":{"start":{"line":129,"column":0},"end":{"line":129,"column":44}},"129":{"start":{"line":130,"column":0},"end":{"line":130,"column":3}},"130":{"start":{"line":131,"column":0},"end":{"line":131,"column":37}},"131":{"start":{"line":132,"column":0},"end":{"line":132,"column":29}},"132":{"start":{"line":133,"column":0},"end":{"line":133,"column":25}},"133":{"start":{"line":134,"column":0},"end":{"line":134,"column":35}},"134":{"start":{"line":135,"column":0},"end":{"line":135,"column":9}},"135":{"start":{"line":136,"column":0},"end":{"line":136,"column":37}},"136":{"start":{"line":137,"column":0},"end":{"line":137,"column":34}},"137":{"start":{"line":138,"column":0},"end":{"line":138,"column":9}},"138":{"start":{"line":139,"column":0},"end":{"line":139,"column":5}},"139":{"start":{"line":140,"column":0},"end":{"line":140,"column":30}},"140":{"start":{"line":141,"column":0},"end":{"line":141,"column":24}},"141":{"start":{"line":142,"column":0},"end":{"line":142,"column":5}},"142":{"start":{"line":143,"column":0},"end":{"line":143,"column":29}},"143":{"start":{"line":144,"column":0},"end":{"line":144,"column":28}},"144":{"start":{"line":145,"column":0},"end":{"line":145,"column":27}},"145":{"start":{"line":146,"column":0},"end":{"line":146,"column":26}},"146":{"start":{"line":147,"column":0},"end":{"line":147,"column":5}},"147":{"start":{"line":148,"column":0},"end":{"line":148,"column":19}},"148":{"start":{"line":149,"column":0},"end":{"line":149,"column":1}},"149":{"start":{"line":150,"column":0},"end":{"line":150,"column":0}},"150":{"start":{"line":151,"column":0},"end":{"line":151,"column":3}},"151":{"start":{"line":152,"column":0},"end":{"line":152,"column":93}},"152":{"start":{"line":153,"column":0},"end":{"line":153,"column":2}},"153":{"start":{"line":154,"column":0},"end":{"line":154,"column":40}},"154":{"start":{"line":155,"column":0},"end":{"line":155,"column":41}},"155":{"start":{"line":156,"column":0},"end":{"line":156,"column":100}},"156":{"start":{"line":157,"column":0},"end":{"line":157,"column":183}},"157":{"start":{"line":158,"column":0},"end":{"line":158,"column":50}},"158":{"start":{"line":159,"column":0},"end":{"line":159,"column":11}},"159":{"start":{"line":160,"column":0},"end":{"line":160,"column":3}},"160":{"start":{"line":161,"column":0},"end":{"line":161,"column":45}},"161":{"start":{"line":162,"column":0},"end":{"line":162,"column":3}},"162":{"start":{"line":163,"column":0},"end":{"line":163,"column":45}},"163":{"start":{"line":164,"column":0},"end":{"line":164,"column":31}},"164":{"start":{"line":165,"column":0},"end":{"line":165,"column":30}},"165":{"start":{"line":166,"column":0},"end":{"line":166,"column":5}},"166":{"start":{"line":167,"column":0},"end":{"line":167,"column":46}},"167":{"start":{"line":168,"column":0},"end":{"line":168,"column":23}},"168":{"start":{"line":169,"column":0},"end":{"line":169,"column":5}},"169":{"start":{"line":170,"column":0},"end":{"line":170,"column":38}},"170":{"start":{"line":171,"column":0},"end":{"line":171,"column":30}},"171":{"start":{"line":172,"column":0},"end":{"line":172,"column":5}},"172":{"start":{"line":173,"column":0},"end":{"line":173,"column":14}},"173":{"start":{"line":174,"column":0},"end":{"line":174,"column":30}},"174":{"start":{"line":175,"column":0},"end":{"line":175,"column":22}},"175":{"start":{"line":176,"column":0},"end":{"line":176,"column":5}},"176":{"start":{"line":177,"column":0},"end":{"line":177,"column":40}},"177":{"start":{"line":178,"column":0},"end":{"line":178,"column":22}},"178":{"start":{"line":179,"column":0},"end":{"line":179,"column":5}},"179":{"start":{"line":180,"column":0},"end":{"line":180,"column":40}},"180":{"start":{"line":181,"column":0},"end":{"line":181,"column":22}},"181":{"start":{"line":182,"column":0},"end":{"line":182,"column":5}},"182":{"start":{"line":183,"column":0},"end":{"line":183,"column":38}},"183":{"start":{"line":184,"column":0},"end":{"line":184,"column":22}},"184":{"start":{"line":185,"column":0},"end":{"line":185,"column":5}},"185":{"start":{"line":186,"column":0},"end":{"line":186,"column":10}},"186":{"start":{"line":187,"column":0},"end":{"line":187,"column":30}},"187":{"start":{"line":188,"column":0},"end":{"line":188,"column":5}},"188":{"start":{"line":189,"column":0},"end":{"line":189,"column":4}},"189":{"start":{"line":190,"column":0},"end":{"line":190,"column":18}},"190":{"start":{"line":191,"column":0},"end":{"line":191,"column":1}},"191":{"start":{"line":192,"column":0},"end":{"line":192,"column":0}},"192":{"start":{"line":193,"column":0},"end":{"line":193,"column":3}},"193":{"start":{"line":194,"column":0},"end":{"line":194,"column":86}},"194":{"start":{"line":195,"column":0},"end":{"line":195,"column":2}},"195":{"start":{"line":196,"column":0},"end":{"line":196,"column":45}},"196":{"start":{"line":197,"column":0},"end":{"line":197,"column":77}},"197":{"start":{"line":198,"column":0},"end":{"line":198,"column":74}},"198":{"start":{"line":199,"column":0},"end":{"line":199,"column":3}},"199":{"start":{"line":200,"column":0},"end":{"line":200,"column":11}},"200":{"start":{"line":201,"column":0},"end":{"line":201,"column":41}},"201":{"start":{"line":202,"column":0},"end":{"line":202,"column":3}},"202":{"start":{"line":203,"column":0},"end":{"line":203,"column":35}},"203":{"start":{"line":204,"column":0},"end":{"line":204,"column":33}},"204":{"start":{"line":205,"column":0},"end":{"line":205,"column":30}},"205":{"start":{"line":206,"column":0},"end":{"line":206,"column":5}},"206":{"start":{"line":207,"column":0},"end":{"line":207,"column":20}},"207":{"start":{"line":208,"column":0},"end":{"line":208,"column":36}},"208":{"start":{"line":209,"column":0},"end":{"line":209,"column":39}},"209":{"start":{"line":210,"column":0},"end":{"line":210,"column":38}},"210":{"start":{"line":211,"column":0},"end":{"line":211,"column":31}},"211":{"start":{"line":212,"column":0},"end":{"line":212,"column":20}},"212":{"start":{"line":213,"column":0},"end":{"line":213,"column":5}},"213":{"start":{"line":214,"column":0},"end":{"line":214,"column":16}},"214":{"start":{"line":215,"column":0},"end":{"line":215,"column":1}},"215":{"start":{"line":216,"column":0},"end":{"line":216,"column":0}},"216":{"start":{"line":217,"column":0},"end":{"line":217,"column":3}},"217":{"start":{"line":218,"column":0},"end":{"line":218,"column":57}},"218":{"start":{"line":219,"column":0},"end":{"line":219,"column":2}},"219":{"start":{"line":220,"column":0},"end":{"line":220,"column":68}},"220":{"start":{"line":221,"column":0},"end":{"line":221,"column":88}},"221":{"start":{"line":222,"column":0},"end":{"line":222,"column":62}},"222":{"start":{"line":223,"column":0},"end":{"line":223,"column":3}},"223":{"start":{"line":224,"column":0},"end":{"line":224,"column":11}},"224":{"start":{"line":225,"column":0},"end":{"line":225,"column":45}},"225":{"start":{"line":226,"column":0},"end":{"line":226,"column":3}},"226":{"start":{"line":227,"column":0},"end":{"line":227,"column":39}},"227":{"start":{"line":228,"column":0},"end":{"line":228,"column":26}},"228":{"start":{"line":229,"column":0},"end":{"line":229,"column":30}},"229":{"start":{"line":230,"column":0},"end":{"line":230,"column":9}},"230":{"start":{"line":231,"column":0},"end":{"line":231,"column":0}},"231":{"start":{"line":232,"column":0},"end":{"line":232,"column":38}},"232":{"start":{"line":233,"column":0},"end":{"line":233,"column":30}},"233":{"start":{"line":234,"column":0},"end":{"line":234,"column":5}},"234":{"start":{"line":235,"column":0},"end":{"line":235,"column":43}},"235":{"start":{"line":236,"column":0},"end":{"line":236,"column":34}},"236":{"start":{"line":237,"column":0},"end":{"line":237,"column":55}},"237":{"start":{"line":238,"column":0},"end":{"line":238,"column":9}},"238":{"start":{"line":239,"column":0},"end":{"line":239,"column":13}},"239":{"start":{"line":240,"column":0},"end":{"line":240,"column":34}},"240":{"start":{"line":241,"column":0},"end":{"line":241,"column":9}},"241":{"start":{"line":242,"column":0},"end":{"line":242,"column":5}},"242":{"start":{"line":243,"column":0},"end":{"line":243,"column":38}},"243":{"start":{"line":244,"column":0},"end":{"line":244,"column":47}},"244":{"start":{"line":245,"column":0},"end":{"line":245,"column":31}},"245":{"start":{"line":246,"column":0},"end":{"line":246,"column":55}},"246":{"start":{"line":247,"column":0},"end":{"line":247,"column":5}},"247":{"start":{"line":248,"column":0},"end":{"line":248,"column":29}},"248":{"start":{"line":249,"column":0},"end":{"line":249,"column":0}},"249":{"start":{"line":250,"column":0},"end":{"line":250,"column":34}},"250":{"start":{"line":251,"column":0},"end":{"line":251,"column":27}},"251":{"start":{"line":252,"column":0},"end":{"line":252,"column":36}},"252":{"start":{"line":253,"column":0},"end":{"line":253,"column":9}},"253":{"start":{"line":254,"column":0},"end":{"line":254,"column":14}},"254":{"start":{"line":255,"column":0},"end":{"line":255,"column":36}},"255":{"start":{"line":256,"column":0},"end":{"line":256,"column":9}},"256":{"start":{"line":257,"column":0},"end":{"line":257,"column":5}},"257":{"start":{"line":258,"column":0},"end":{"line":258,"column":48}},"258":{"start":{"line":259,"column":0},"end":{"line":259,"column":0}},"259":{"start":{"line":260,"column":0},"end":{"line":260,"column":27}},"260":{"start":{"line":261,"column":0},"end":{"line":261,"column":1}}},"s":{"0":1,"1":1,"2":1,"3":1,"4":1,"5":1,"6":1,"7":1,"8":1,"9":1,"10":1,"11":1,"12":1,"13":1,"14":1,"15":1,"16":1,"17":1,"18":1,"19":1,"20":1,"21":1,"22":1,"23":1,"24":1,"25":1,"26":1,"27":1,"28":1,"29":1,"30":1,"31":1,"32":1,"33":1,"34":1,"35":1,"36":6,"37":6,"38":2,"39":2,"40":4,"41":6,"42":0,"43":0,"44":4,"45":6,"46":1,"47":1,"48":3,"49":6,"50":108,"51":105,"52":105,"53":108,"54":3,"55":3,"56":3,"57":1,"58":1,"59":1,"60":1,"61":1,"62":1,"63":1,"64":1,"65":1,"66":1,"67":1,"68":1,"69":1,"70":7,"71":15,"72":1,"73":1,"74":15,"75":6,"76":7,"77":1,"78":1,"79":7,"80":13,"81":1,"82":1,"83":13,"84":4,"85":7,"86":12,"87":12,"88":4,"89":4,"90":4,"91":1,"92":1,"93":1,"94":1,"95":1,"96":1,"97":1,"98":1,"99":1,"100":1,"101":1,"102":1,"103":1,"104":6,"105":1,"106":1,"107":5,"108":5,"109":5,"110":5,"111":6,"112":72,"113":14,"114":72,"115":19,"116":19,"117":72,"118":5,"119":5,"120":1,"121":1,"122":1,"123":1,"124":1,"125":1,"126":1,"127":1,"128":1,"129":1,"130":1,"131":4,"132":11,"133":1,"134":1,"135":11,"136":1,"137":1,"138":11,"139":4,"140":1,"141":1,"142":1,"143":4,"144":3,"145":3,"146":3,"147":1,"148":1,"149":1,"150":1,"151":1,"152":1,"153":1,"154":1,"155":1,"156":1,"157":1,"158":1,"159":1,"160":1,"161":1,"162":1,"163":9,"164":2,"165":2,"166":9,"167":1,"168":1,"169":9,"170":1,"171":1,"172":5,"173":9,"174":1,"175":1,"176":4,"177":1,"178":1,"179":3,"180":1,"181":1,"182":2,"183":1,"184":1,"185":1,"186":1,"187":1,"188":4,"189":4,"190":4,"191":1,"192":1,"193":1,"194":1,"195":1,"196":1,"197":1,"198":1,"199":1,"200":1,"201":1,"202":1,"203":3,"204":1,"205":1,"206":2,"207":2,"208":2,"209":2,"210":3,"211":1,"212":1,"213":1,"214":1,"215":1,"216":1,"217":1,"218":1,"219":1,"220":1,"221":1,"222":1,"223":1,"224":1,"225":1,"226":1,"227":4,"228":1,"229":4,"230":3,"231":4,"232":1,"233":1,"234":2,"235":4,"236":6,"237":5,"238":1,"239":1,"240":1,"241":6,"242":1,"243":1,"244":4,"245":5,"246":5,"247":1,"248":1,"249":4,"250":5,"251":3,"252":3,"253":2,"254":2,"255":2,"256":5,"257":1,"258":1,"259":1,"260":1},"branchMap":{"0":{"type":"branch","line":36,"loc":{"start":{"line":36,"column":7},"end":{"line":57,"column":1}},"locations":[{"start":{"line":36,"column":7},"end":{"line":57,"column":1}}]},"1":{"type":"branch","line":38,"loc":{"start":{"line":38,"column":36},"end":{"line":40,"column":5}},"locations":[{"start":{"line":38,"column":36},"end":{"line":40,"column":5}}]},"2":{"type":"branch","line":41,"loc":{"start":{"line":41,"column":-2},"end":{"line":42,"column":43}},"locations":[{"start":{"line":41,"column":-2},"end":{"line":42,"column":43}}]},"3":{"type":"branch","line":42,"loc":{"start":{"line":42,"column":43},"end":{"line":44,"column":5}},"locations":[{"start":{"line":42,"column":43},"end":{"line":44,"column":5}}]},"4":{"type":"branch","line":45,"loc":{"start":{"line":45,"column":-2},"end":{"line":46,"column":19}},"locations":[{"start":{"line":45,"column":-2},"end":{"line":46,"column":19}}]},"5":{"type":"branch","line":46,"loc":{"start":{"line":46,"column":19},"end":{"line":46,"column":35}},"locations":[{"start":{"line":46,"column":19},"end":{"line":46,"column":35}}]},"6":{"type":"branch","line":46,"loc":{"start":{"line":46,"column":37},"end":{"line":48,"column":5}},"locations":[{"start":{"line":46,"column":37},"end":{"line":48,"column":5}}]},"7":{"type":"branch","line":49,"loc":{"start":{"line":49,"column":-2},"end":{"line":50,"column":38}},"locations":[{"start":{"line":49,"column":-2},"end":{"line":50,"column":38}}]},"8":{"type":"branch","line":50,"loc":{"start":{"line":50,"column":38},"end":{"line":54,"column":5}},"locations":[{"start":{"line":50,"column":38},"end":{"line":54,"column":5}}]},"9":{"type":"branch","line":51,"loc":{"start":{"line":51,"column":20},"end":{"line":53,"column":9}},"locations":[{"start":{"line":51,"column":20},"end":{"line":53,"column":9}}]},"10":{"type":"branch","line":55,"loc":{"start":{"line":55,"column":-2},"end":{"line":57,"column":1}},"locations":[{"start":{"line":55,"column":-2},"end":{"line":57,"column":1}}]},"11":{"type":"branch","line":70,"loc":{"start":{"line":70,"column":7},"end":{"line":91,"column":1}},"locations":[{"start":{"line":70,"column":7},"end":{"line":91,"column":1}}]},"12":{"type":"branch","line":71,"loc":{"start":{"line":71,"column":28},"end":{"line":75,"column":5}},"locations":[{"start":{"line":71,"column":28},"end":{"line":75,"column":5}}]},"13":{"type":"branch","line":72,"loc":{"start":{"line":72,"column":36},"end":{"line":74,"column":9}},"locations":[{"start":{"line":72,"column":36},"end":{"line":74,"column":9}}]},"14":{"type":"branch","line":76,"loc":{"start":{"line":76,"column":-2},"end":{"line":77,"column":29}},"locations":[{"start":{"line":76,"column":-2},"end":{"line":77,"column":29}}]},"15":{"type":"branch","line":77,"loc":{"start":{"line":77,"column":29},"end":{"line":79,"column":5}},"locations":[{"start":{"line":77,"column":29},"end":{"line":79,"column":5}}]},"16":{"type":"branch","line":80,"loc":{"start":{"line":80,"column":-2},"end":{"line":80,"column":26}},"locations":[{"start":{"line":80,"column":-2},"end":{"line":80,"column":26}}]},"17":{"type":"branch","line":80,"loc":{"start":{"line":80,"column":26},"end":{"line":84,"column":5}},"locations":[{"start":{"line":80,"column":26},"end":{"line":84,"column":5}}]},"18":{"type":"branch","line":81,"loc":{"start":{"line":81,"column":46},"end":{"line":83,"column":9}},"locations":[{"start":{"line":81,"column":46},"end":{"line":83,"column":9}}]},"19":{"type":"branch","line":85,"loc":{"start":{"line":85,"column":-2},"end":{"line":86,"column":26}},"locations":[{"start":{"line":85,"column":-2},"end":{"line":86,"column":26}}]},"20":{"type":"branch","line":86,"loc":{"start":{"line":86,"column":26},"end":{"line":88,"column":5}},"locations":[{"start":{"line":86,"column":26},"end":{"line":88,"column":5}}]},"21":{"type":"branch","line":89,"loc":{"start":{"line":89,"column":-2},"end":{"line":91,"column":1}},"locations":[{"start":{"line":89,"column":-2},"end":{"line":91,"column":1}}]},"22":{"type":"branch","line":104,"loc":{"start":{"line":104,"column":7},"end":{"line":120,"column":1}},"locations":[{"start":{"line":104,"column":7},"end":{"line":120,"column":1}}]},"23":{"type":"branch","line":105,"loc":{"start":{"line":105,"column":33},"end":{"line":107,"column":5}},"locations":[{"start":{"line":105,"column":33},"end":{"line":107,"column":5}}]},"24":{"type":"branch","line":108,"loc":{"start":{"line":108,"column":-2},"end":{"line":112,"column":25}},"locations":[{"start":{"line":108,"column":-2},"end":{"line":112,"column":25}}]},"25":{"type":"branch","line":112,"loc":{"start":{"line":112,"column":25},"end":{"line":118,"column":5}},"locations":[{"start":{"line":112,"column":25},"end":{"line":118,"column":5}}]},"26":{"type":"branch","line":113,"loc":{"start":{"line":113,"column":35},"end":{"line":115,"column":9}},"locations":[{"start":{"line":113,"column":35},"end":{"line":115,"column":9}}]},"27":{"type":"branch","line":115,"loc":{"start":{"line":115,"column":9},"end":{"line":117,"column":9}},"locations":[{"start":{"line":115,"column":9},"end":{"line":117,"column":9}}]},"28":{"type":"branch","line":115,"loc":{"start":{"line":115,"column":44},"end":{"line":117,"column":9}},"locations":[{"start":{"line":115,"column":44},"end":{"line":117,"column":9}}]},"29":{"type":"branch","line":119,"loc":{"start":{"line":119,"column":-2},"end":{"line":120,"column":1}},"locations":[{"start":{"line":119,"column":-2},"end":{"line":120,"column":1}}]},"30":{"type":"branch","line":131,"loc":{"start":{"line":131,"column":7},"end":{"line":149,"column":1}},"locations":[{"start":{"line":131,"column":7},"end":{"line":149,"column":1}}]},"31":{"type":"branch","line":132,"loc":{"start":{"line":132,"column":28},"end":{"line":139,"column":5}},"locations":[{"start":{"line":132,"column":28},"end":{"line":139,"column":5}}]},"32":{"type":"branch","line":133,"loc":{"start":{"line":133,"column":24},"end":{"line":135,"column":9}},"locations":[{"start":{"line":133,"column":24},"end":{"line":135,"column":9}}]},"33":{"type":"branch","line":136,"loc":{"start":{"line":136,"column":-2},"end":{"line":136,"column":36}},"locations":[{"start":{"line":136,"column":-2},"end":{"line":136,"column":36}}]},"34":{"type":"branch","line":136,"loc":{"start":{"line":136,"column":36},"end":{"line":138,"column":9}},"locations":[{"start":{"line":136,"column":36},"end":{"line":138,"column":9}}]},"35":{"type":"branch","line":140,"loc":{"start":{"line":140,"column":-2},"end":{"line":140,"column":29}},"locations":[{"start":{"line":140,"column":-2},"end":{"line":140,"column":29}}]},"36":{"type":"branch","line":140,"loc":{"start":{"line":140,"column":29},"end":{"line":144,"column":27}},"locations":[{"start":{"line":140,"column":29},"end":{"line":144,"column":27}}]},"37":{"type":"branch","line":144,"loc":{"start":{"line":144,"column":27},"end":{"line":147,"column":5}},"locations":[{"start":{"line":144,"column":27},"end":{"line":147,"column":5}}]},"38":{"type":"branch","line":146,"loc":{"start":{"line":146,"column":12},"end":{"line":146,"column":26}},"locations":[{"start":{"line":146,"column":12},"end":{"line":146,"column":26}}]},"39":{"type":"branch","line":148,"loc":{"start":{"line":148,"column":-2},"end":{"line":149,"column":1}},"locations":[{"start":{"line":148,"column":-2},"end":{"line":149,"column":1}}]},"40":{"type":"branch","line":163,"loc":{"start":{"line":163,"column":7},"end":{"line":191,"column":1}},"locations":[{"start":{"line":163,"column":7},"end":{"line":191,"column":1}}]},"41":{"type":"branch","line":164,"loc":{"start":{"line":164,"column":17},"end":{"line":164,"column":28}},"locations":[{"start":{"line":164,"column":17},"end":{"line":164,"column":28}}]},"42":{"type":"branch","line":164,"loc":{"start":{"line":164,"column":30},"end":{"line":166,"column":5}},"locations":[{"start":{"line":164,"column":30},"end":{"line":166,"column":5}}]},"43":{"type":"branch","line":167,"loc":{"start":{"line":167,"column":-2},"end":{"line":167,"column":16}},"locations":[{"start":{"line":167,"column":-2},"end":{"line":167,"column":16}}]},"44":{"type":"branch","line":167,"loc":{"start":{"line":167,"column":16},"end":{"line":167,"column":43}},"locations":[{"start":{"line":167,"column":16},"end":{"line":167,"column":43}}]},"45":{"type":"branch","line":167,"loc":{"start":{"line":167,"column":45},"end":{"line":169,"column":5}},"locations":[{"start":{"line":167,"column":45},"end":{"line":169,"column":5}}]},"46":{"type":"branch","line":170,"loc":{"start":{"line":170,"column":-2},"end":{"line":170,"column":21}},"locations":[{"start":{"line":170,"column":-2},"end":{"line":170,"column":21}}]},"47":{"type":"branch","line":170,"loc":{"start":{"line":170,"column":21},"end":{"line":170,"column":36}},"locations":[{"start":{"line":170,"column":21},"end":{"line":170,"column":36}}]},"48":{"type":"branch","line":170,"loc":{"start":{"line":170,"column":37},"end":{"line":172,"column":5}},"locations":[{"start":{"line":170,"column":37},"end":{"line":172,"column":5}}]},"49":{"type":"branch","line":173,"loc":{"start":{"line":173,"column":-2},"end":{"line":174,"column":29}},"locations":[{"start":{"line":173,"column":-2},"end":{"line":174,"column":29}}]},"50":{"type":"branch","line":174,"loc":{"start":{"line":174,"column":29},"end":{"line":176,"column":5}},"locations":[{"start":{"line":174,"column":29},"end":{"line":176,"column":5}}]},"51":{"type":"branch","line":177,"loc":{"start":{"line":177,"column":-2},"end":{"line":191,"column":1}},"locations":[{"start":{"line":177,"column":-2},"end":{"line":191,"column":1}}]},"52":{"type":"branch","line":177,"loc":{"start":{"line":177,"column":39},"end":{"line":179,"column":5}},"locations":[{"start":{"line":177,"column":39},"end":{"line":179,"column":5}}]},"53":{"type":"branch","line":180,"loc":{"start":{"line":180,"column":-2},"end":{"line":188,"column":5}},"locations":[{"start":{"line":180,"column":-2},"end":{"line":188,"column":5}}]},"54":{"type":"branch","line":180,"loc":{"start":{"line":180,"column":39},"end":{"line":182,"column":5}},"locations":[{"start":{"line":180,"column":39},"end":{"line":182,"column":5}}]},"55":{"type":"branch","line":183,"loc":{"start":{"line":183,"column":-2},"end":{"line":188,"column":5}},"locations":[{"start":{"line":183,"column":-2},"end":{"line":188,"column":5}}]},"56":{"type":"branch","line":183,"loc":{"start":{"line":183,"column":37},"end":{"line":188,"column":5}},"locations":[{"start":{"line":183,"column":37},"end":{"line":188,"column":5}}]},"57":{"type":"branch","line":203,"loc":{"start":{"line":203,"column":7},"end":{"line":215,"column":1}},"locations":[{"start":{"line":203,"column":7},"end":{"line":215,"column":1}}]},"58":{"type":"branch","line":204,"loc":{"start":{"line":204,"column":32},"end":{"line":206,"column":5}},"locations":[{"start":{"line":204,"column":32},"end":{"line":206,"column":5}}]},"59":{"type":"branch","line":207,"loc":{"start":{"line":207,"column":-2},"end":{"line":211,"column":30}},"locations":[{"start":{"line":207,"column":-2},"end":{"line":211,"column":30}}]},"60":{"type":"branch","line":211,"loc":{"start":{"line":211,"column":30},"end":{"line":215,"column":1}},"locations":[{"start":{"line":211,"column":30},"end":{"line":215,"column":1}}]},"61":{"type":"branch","line":227,"loc":{"start":{"line":227,"column":7},"end":{"line":261,"column":1}},"locations":[{"start":{"line":227,"column":7},"end":{"line":261,"column":1}}]},"62":{"type":"branch","line":228,"loc":{"start":{"line":228,"column":25},"end":{"line":230,"column":5}},"locations":[{"start":{"line":228,"column":25},"end":{"line":230,"column":5}}]},"63":{"type":"branch","line":230,"loc":{"start":{"line":230,"column":5},"end":{"line":232,"column":37}},"locations":[{"start":{"line":230,"column":5},"end":{"line":232,"column":37}}]},"64":{"type":"branch","line":232,"loc":{"start":{"line":232,"column":37},"end":{"line":234,"column":5}},"locations":[{"start":{"line":232,"column":37},"end":{"line":234,"column":5}}]},"65":{"type":"branch","line":235,"loc":{"start":{"line":235,"column":-2},"end":{"line":236,"column":33}},"locations":[{"start":{"line":235,"column":-2},"end":{"line":236,"column":33}}]},"66":{"type":"branch","line":236,"loc":{"start":{"line":236,"column":33},"end":{"line":242,"column":5}},"locations":[{"start":{"line":236,"column":33},"end":{"line":242,"column":5}}]},"67":{"type":"branch","line":237,"loc":{"start":{"line":237,"column":31},"end":{"line":237,"column":52}},"locations":[{"start":{"line":237,"column":31},"end":{"line":237,"column":52}}]},"68":{"type":"branch","line":237,"loc":{"start":{"line":237,"column":54},"end":{"line":238,"column":9}},"locations":[{"start":{"line":237,"column":54},"end":{"line":238,"column":9}}]},"69":{"type":"branch","line":239,"loc":{"start":{"line":239,"column":-2},"end":{"line":241,"column":9}},"locations":[{"start":{"line":239,"column":-2},"end":{"line":241,"column":9}}]},"70":{"type":"branch","line":243,"loc":{"start":{"line":243,"column":-2},"end":{"line":245,"column":30}},"locations":[{"start":{"line":243,"column":-2},"end":{"line":245,"column":30}}]},"71":{"type":"branch","line":245,"loc":{"start":{"line":245,"column":30},"end":{"line":247,"column":5}},"locations":[{"start":{"line":245,"column":30},"end":{"line":247,"column":5}}]},"72":{"type":"branch","line":248,"loc":{"start":{"line":248,"column":-2},"end":{"line":250,"column":33}},"locations":[{"start":{"line":248,"column":-2},"end":{"line":250,"column":33}}]},"73":{"type":"branch","line":250,"loc":{"start":{"line":250,"column":33},"end":{"line":257,"column":5}},"locations":[{"start":{"line":250,"column":33},"end":{"line":257,"column":5}}]},"74":{"type":"branch","line":251,"loc":{"start":{"line":251,"column":26},"end":{"line":253,"column":9}},"locations":[{"start":{"line":251,"column":26},"end":{"line":253,"column":9}}]},"75":{"type":"branch","line":254,"loc":{"start":{"line":254,"column":-2},"end":{"line":256,"column":9}},"locations":[{"start":{"line":254,"column":-2},"end":{"line":256,"column":9}}]},"76":{"type":"branch","line":258,"loc":{"start":{"line":258,"column":-2},"end":{"line":261,"column":1}},"locations":[{"start":{"line":258,"column":-2},"end":{"line":261,"column":1}}]}},"b":{"0":[6],"1":[2],"2":[4],"3":[0],"4":[4],"5":[3],"6":[1],"7":[3],"8":[108],"9":[105],"10":[3],"11":[7],"12":[15],"13":[1],"14":[6],"15":[1],"16":[5],"17":[13],"18":[1],"19":[4],"20":[12],"21":[4],"22":[6],"23":[1],"24":[5],"25":[72],"26":[14],"27":[58],"28":[19],"29":[5],"30":[4],"31":[11],"32":[1],"33":[10],"34":[1],"35":[2],"36":[1],"37":[3],"38":[2],"39":[1],"40":[9],"41":[8],"42":[2],"43":[7],"44":[1],"45":[1],"46":[6],"47":[1],"48":[1],"49":[5],"50":[1],"51":[4],"52":[1],"53":[3],"54":[1],"55":[2],"56":[1],"57":[3],"58":[1],"59":[2],"60":[1],"61":[4],"62":[1],"63":[3],"64":[1],"65":[2],"66":[6],"67":[3],"68":[5],"69":[1],"70":[1],"71":[5],"72":[1],"73":[5],"74":[3],"75":[2],"76":[1]},"fnMap":{"0":{"name":"blastoff","decl":{"start":{"line":36,"column":7},"end":{"line":57,"column":1}},"loc":{"start":{"line":36,"column":7},"end":{"line":57,"column":1}},"line":36},"1":{"name":"average","decl":{"start":{"line":70,"column":7},"end":{"line":91,"column":1}},"loc":{"start":{"line":70,"column":7},"end":{"line":91,"column":1}},"line":70},"2":{"name":"vowelsAndConsonants","decl":{"start":{"line":104,"column":7},"end":{"line":120,"column":1}},"loc":{"start":{"line":104,"column":7},"end":{"line":120,"column":1}},"line":104},"3":{"name":"greatest","decl":{"start":{"line":131,"column":7},"end":{"line":149,"column":1}},"loc":{"start":{"line":131,"column":7},"end":{"line":149,"column":1}},"line":131},"4":{"name":"calculator","decl":{"start":{"line":163,"column":7},"end":{"line":191,"column":1}},"loc":{"start":{"line":163,"column":7},"end":{"line":191,"column":1}},"line":163},"5":{"name":"isPalindrome","decl":{"start":{"line":203,"column":7},"end":{"line":215,"column":1}},"loc":{"start":{"line":203,"column":7},"end":{"line":215,"column":1}},"line":203},"6":{"name":"bitwiseNot","decl":{"start":{"line":227,"column":7},"end":{"line":261,"column":1}},"loc":{"start":{"line":227,"column":7},"end":{"line":261,"column":1}},"line":227}},"f":{"0":6,"1":7,"2":6,"3":4,"4":9,"5":3,"6":4}}
}
