{"C:\\Users\\logan\\Documents\\GitHub\\College-Classes\\456 - Adv Web Dev\\Lab\\9-25-24\\lab_3_files\\lab_3_files\\functions.js": {"path":"C:\\Users\\logan\\Documents\\GitHub\\College-Classes\\456 - Adv Web Dev\\Lab\\9-25-24\\lab_3_files\\lab_3_files\\functions.js","all":false,"statementMap":{"0":{"start":{"line":1,"column":0},"end":{"line":1,"column":69}},"1":{"start":{"line":2,"column":0},"end":{"line":2,"column":41}},"2":{"start":{"line":3,"column":0},"end":{"line":3,"column":70}},"3":{"start":{"line":4,"column":0},"end":{"line":4,"column":10}},"4":{"start":{"line":5,"column":0},"end":{"line":5,"column":5}},"5":{"start":{"line":6,"column":0},"end":{"line":6,"column":0}},"6":{"start":{"line":7,"column":0},"end":{"line":7,"column":70}},"7":{"start":{"line":8,"column":0},"end":{"line":8,"column":67}},"8":{"start":{"line":9,"column":0},"end":{"line":9,"column":67}},"9":{"start":{"line":10,"column":0},"end":{"line":10,"column":69}},"10":{"start":{"line":11,"column":0},"end":{"line":11,"column":63}},"11":{"start":{"line":12,"column":0},"end":{"line":12,"column":0}},"12":{"start":{"line":13,"column":0},"end":{"line":13,"column":69}},"13":{"start":{"line":14,"column":0},"end":{"line":14,"column":66}},"14":{"start":{"line":15,"column":0},"end":{"line":15,"column":67}},"15":{"start":{"line":16,"column":0},"end":{"line":16,"column":66}},"16":{"start":{"line":17,"column":0},"end":{"line":17,"column":62}},"17":{"start":{"line":18,"column":0},"end":{"line":18,"column":14}},"18":{"start":{"line":19,"column":0},"end":{"line":19,"column":0}},"19":{"start":{"line":20,"column":0},"end":{"line":20,"column":75}},"20":{"start":{"line":21,"column":0},"end":{"line":21,"column":63}},"21":{"start":{"line":22,"column":0},"end":{"line":22,"column":0}},"22":{"start":{"line":23,"column":0},"end":{"line":23,"column":71}},"23":{"start":{"line":24,"column":0},"end":{"line":24,"column":68}},"24":{"start":{"line":25,"column":0},"end":{"line":25,"column":49}},"25":{"start":{"line":26,"column":0},"end":{"line":26,"column":0}},"26":{"start":{"line":27,"column":0},"end":{"line":27,"column":3}},"27":{"start":{"line":28,"column":0},"end":{"line":28,"column":80}},"28":{"start":{"line":29,"column":0},"end":{"line":29,"column":2}},"29":{"start":{"line":30,"column":0},"end":{"line":30,"column":98}},"30":{"start":{"line":31,"column":0},"end":{"line":31,"column":143}},"31":{"start":{"line":32,"column":0},"end":{"line":32,"column":11}},"32":{"start":{"line":33,"column":0},"end":{"line":33,"column":3}},"33":{"start":{"line":34,"column":0},"end":{"line":34,"column":61}},"34":{"start":{"line":35,"column":0},"end":{"line":35,"column":3}},"35":{"start":{"line":36,"column":0},"end":{"line":36,"column":34}},"36":{"start":{"line":37,"column":0},"end":{"line":37,"column":22}},"37":{"start":{"line":38,"column":0},"end":{"line":38,"column":38}},"38":{"start":{"line":39,"column":0},"end":{"line":39,"column":30}},"39":{"start":{"line":40,"column":0},"end":{"line":40,"column":5}},"40":{"start":{"line":41,"column":0},"end":{"line":41,"column":0}},"41":{"start":{"line":42,"column":0},"end":{"line":42,"column":38}},"42":{"start":{"line":43,"column":0},"end":{"line":43,"column":22}},"43":{"start":{"line":44,"column":0},"end":{"line":44,"column":35}},"44":{"start":{"line":45,"column":0},"end":{"line":45,"column":9}},"45":{"start":{"line":46,"column":0},"end":{"line":46,"column":21}},"46":{"start":{"line":47,"column":0},"end":{"line":47,"column":41}},"47":{"start":{"line":48,"column":0},"end":{"line":48,"column":9}},"48":{"start":{"line":49,"column":0},"end":{"line":49,"column":5}},"49":{"start":{"line":50,"column":0},"end":{"line":50,"column":33}},"50":{"start":{"line":51,"column":0},"end":{"line":51,"column":20}},"51":{"start":{"line":52,"column":0},"end":{"line":52,"column":1}},"52":{"start":{"line":53,"column":0},"end":{"line":53,"column":0}},"53":{"start":{"line":54,"column":0},"end":{"line":54,"column":29}},"54":{"start":{"line":55,"column":0},"end":{"line":55,"column":0}},"55":{"start":{"line":56,"column":0},"end":{"line":56,"column":3}},"56":{"start":{"line":57,"column":0},"end":{"line":57,"column":47}},"57":{"start":{"line":58,"column":0},"end":{"line":58,"column":2}},"58":{"start":{"line":59,"column":0},"end":{"line":59,"column":60}},"59":{"start":{"line":60,"column":0},"end":{"line":60,"column":138}},"60":{"start":{"line":61,"column":0},"end":{"line":61,"column":11}},"61":{"start":{"line":62,"column":0},"end":{"line":62,"column":3}},"62":{"start":{"line":63,"column":0},"end":{"line":63,"column":40}},"63":{"start":{"line":64,"column":0},"end":{"line":64,"column":3}},"64":{"start":{"line":65,"column":0},"end":{"line":65,"column":36}},"65":{"start":{"line":66,"column":0},"end":{"line":66,"column":20}},"66":{"start":{"line":67,"column":0},"end":{"line":67,"column":30}},"67":{"start":{"line":68,"column":0},"end":{"line":68,"column":30}},"68":{"start":{"line":69,"column":0},"end":{"line":69,"column":5}},"69":{"start":{"line":70,"column":0},"end":{"line":70,"column":27}},"70":{"start":{"line":71,"column":0},"end":{"line":71,"column":47}},"71":{"start":{"line":72,"column":0},"end":{"line":72,"column":34}},"72":{"start":{"line":73,"column":0},"end":{"line":73,"column":9}},"73":{"start":{"line":74,"column":0},"end":{"line":74,"column":5}},"74":{"start":{"line":75,"column":0},"end":{"line":75,"column":0}},"75":{"start":{"line":76,"column":0},"end":{"line":76,"column":27}},"76":{"start":{"line":77,"column":0},"end":{"line":77,"column":21}},"77":{"start":{"line":78,"column":0},"end":{"line":78,"column":5}},"78":{"start":{"line":79,"column":0},"end":{"line":79,"column":39}},"79":{"start":{"line":80,"column":0},"end":{"line":80,"column":19}},"80":{"start":{"line":81,"column":0},"end":{"line":81,"column":1}},"81":{"start":{"line":82,"column":0},"end":{"line":82,"column":0}},"82":{"start":{"line":83,"column":0},"end":{"line":83,"column":0}},"83":{"start":{"line":84,"column":0},"end":{"line":84,"column":3}},"84":{"start":{"line":85,"column":0},"end":{"line":85,"column":64}},"85":{"start":{"line":86,"column":0},"end":{"line":86,"column":2}},"86":{"start":{"line":87,"column":0},"end":{"line":87,"column":55}},"87":{"start":{"line":88,"column":0},"end":{"line":88,"column":128}},"88":{"start":{"line":89,"column":0},"end":{"line":89,"column":11}},"89":{"start":{"line":90,"column":0},"end":{"line":90,"column":3}},"90":{"start":{"line":91,"column":0},"end":{"line":91,"column":75}},"91":{"start":{"line":92,"column":0},"end":{"line":92,"column":3}},"92":{"start":{"line":93,"column":0},"end":{"line":93,"column":44}},"93":{"start":{"line":94,"column":0},"end":{"line":94,"column":73}},"94":{"start":{"line":95,"column":0},"end":{"line":95,"column":109}},"95":{"start":{"line":96,"column":0},"end":{"line":96,"column":18}},"96":{"start":{"line":97,"column":0},"end":{"line":97,"column":23}},"97":{"start":{"line":98,"column":0},"end":{"line":98,"column":26}},"98":{"start":{"line":99,"column":0},"end":{"line":99,"column":36}},"99":{"start":{"line":100,"column":0},"end":{"line":100,"column":34}},"100":{"start":{"line":101,"column":0},"end":{"line":101,"column":9}},"101":{"start":{"line":102,"column":0},"end":{"line":102,"column":5}},"102":{"start":{"line":103,"column":0},"end":{"line":103,"column":0}},"103":{"start":{"line":104,"column":0},"end":{"line":104,"column":0}},"104":{"start":{"line":105,"column":0},"end":{"line":105,"column":26}},"105":{"start":{"line":106,"column":0},"end":{"line":106,"column":36}},"106":{"start":{"line":107,"column":0},"end":{"line":107,"column":23}},"107":{"start":{"line":108,"column":0},"end":{"line":108,"column":45}},"108":{"start":{"line":109,"column":0},"end":{"line":109,"column":28}},"109":{"start":{"line":110,"column":0},"end":{"line":110,"column":9}},"110":{"start":{"line":111,"column":0},"end":{"line":111,"column":5}},"111":{"start":{"line":112,"column":0},"end":{"line":112,"column":57}},"112":{"start":{"line":113,"column":0},"end":{"line":113,"column":1}},"113":{"start":{"line":114,"column":0},"end":{"line":114,"column":0}},"114":{"start":{"line":115,"column":0},"end":{"line":115,"column":3}},"115":{"start":{"line":116,"column":0},"end":{"line":116,"column":53}},"116":{"start":{"line":117,"column":0},"end":{"line":117,"column":2}},"117":{"start":{"line":118,"column":0},"end":{"line":118,"column":60}},"118":{"start":{"line":119,"column":0},"end":{"line":119,"column":150}},"119":{"start":{"line":120,"column":0},"end":{"line":120,"column":11}},"120":{"start":{"line":121,"column":0},"end":{"line":121,"column":3}},"121":{"start":{"line":122,"column":0},"end":{"line":122,"column":44}},"122":{"start":{"line":123,"column":0},"end":{"line":123,"column":3}},"123":{"start":{"line":124,"column":0},"end":{"line":124,"column":37}},"124":{"start":{"line":125,"column":0},"end":{"line":125,"column":29}},"125":{"start":{"line":126,"column":0},"end":{"line":126,"column":25}},"126":{"start":{"line":127,"column":0},"end":{"line":127,"column":35}},"127":{"start":{"line":128,"column":0},"end":{"line":128,"column":9}},"128":{"start":{"line":129,"column":0},"end":{"line":129,"column":5}},"129":{"start":{"line":130,"column":0},"end":{"line":130,"column":30}},"130":{"start":{"line":131,"column":0},"end":{"line":131,"column":24}},"131":{"start":{"line":132,"column":0},"end":{"line":132,"column":5}},"132":{"start":{"line":133,"column":0},"end":{"line":133,"column":29}},"133":{"start":{"line":134,"column":0},"end":{"line":134,"column":28}},"134":{"start":{"line":135,"column":0},"end":{"line":135,"column":27}},"135":{"start":{"line":136,"column":0},"end":{"line":136,"column":26}},"136":{"start":{"line":137,"column":0},"end":{"line":137,"column":5}},"137":{"start":{"line":138,"column":0},"end":{"line":138,"column":19}},"138":{"start":{"line":139,"column":0},"end":{"line":139,"column":1}},"139":{"start":{"line":140,"column":0},"end":{"line":140,"column":0}},"140":{"start":{"line":141,"column":0},"end":{"line":141,"column":3}},"141":{"start":{"line":142,"column":0},"end":{"line":142,"column":93}},"142":{"start":{"line":143,"column":0},"end":{"line":143,"column":2}},"143":{"start":{"line":144,"column":0},"end":{"line":144,"column":40}},"144":{"start":{"line":145,"column":0},"end":{"line":145,"column":41}},"145":{"start":{"line":146,"column":0},"end":{"line":146,"column":100}},"146":{"start":{"line":147,"column":0},"end":{"line":147,"column":183}},"147":{"start":{"line":148,"column":0},"end":{"line":148,"column":50}},"148":{"start":{"line":149,"column":0},"end":{"line":149,"column":11}},"149":{"start":{"line":150,"column":0},"end":{"line":150,"column":3}},"150":{"start":{"line":151,"column":0},"end":{"line":151,"column":45}},"151":{"start":{"line":152,"column":0},"end":{"line":152,"column":3}},"152":{"start":{"line":153,"column":0},"end":{"line":153,"column":45}},"153":{"start":{"line":154,"column":0},"end":{"line":154,"column":31}},"154":{"start":{"line":155,"column":0},"end":{"line":155,"column":30}},"155":{"start":{"line":156,"column":0},"end":{"line":156,"column":5}},"156":{"start":{"line":157,"column":0},"end":{"line":157,"column":46}},"157":{"start":{"line":158,"column":0},"end":{"line":158,"column":23}},"158":{"start":{"line":159,"column":0},"end":{"line":159,"column":5}},"159":{"start":{"line":160,"column":0},"end":{"line":160,"column":0}},"160":{"start":{"line":161,"column":0},"end":{"line":161,"column":14}},"161":{"start":{"line":162,"column":0},"end":{"line":162,"column":30}},"162":{"start":{"line":163,"column":0},"end":{"line":163,"column":22}},"163":{"start":{"line":164,"column":0},"end":{"line":164,"column":5}},"164":{"start":{"line":165,"column":0},"end":{"line":165,"column":40}},"165":{"start":{"line":166,"column":0},"end":{"line":166,"column":22}},"166":{"start":{"line":167,"column":0},"end":{"line":167,"column":5}},"167":{"start":{"line":168,"column":0},"end":{"line":168,"column":40}},"168":{"start":{"line":169,"column":0},"end":{"line":169,"column":22}},"169":{"start":{"line":170,"column":0},"end":{"line":170,"column":5}},"170":{"start":{"line":171,"column":0},"end":{"line":171,"column":38}},"171":{"start":{"line":172,"column":0},"end":{"line":172,"column":22}},"172":{"start":{"line":173,"column":0},"end":{"line":173,"column":5}},"173":{"start":{"line":174,"column":0},"end":{"line":174,"column":10}},"174":{"start":{"line":175,"column":0},"end":{"line":175,"column":30}},"175":{"start":{"line":176,"column":0},"end":{"line":176,"column":5}},"176":{"start":{"line":177,"column":0},"end":{"line":177,"column":4}},"177":{"start":{"line":178,"column":0},"end":{"line":178,"column":18}},"178":{"start":{"line":179,"column":0},"end":{"line":179,"column":1}},"179":{"start":{"line":180,"column":0},"end":{"line":180,"column":0}},"180":{"start":{"line":181,"column":0},"end":{"line":181,"column":3}},"181":{"start":{"line":182,"column":0},"end":{"line":182,"column":86}},"182":{"start":{"line":183,"column":0},"end":{"line":183,"column":2}},"183":{"start":{"line":184,"column":0},"end":{"line":184,"column":45}},"184":{"start":{"line":185,"column":0},"end":{"line":185,"column":77}},"185":{"start":{"line":186,"column":0},"end":{"line":186,"column":74}},"186":{"start":{"line":187,"column":0},"end":{"line":187,"column":3}},"187":{"start":{"line":188,"column":0},"end":{"line":188,"column":11}},"188":{"start":{"line":189,"column":0},"end":{"line":189,"column":41}},"189":{"start":{"line":190,"column":0},"end":{"line":190,"column":3}},"190":{"start":{"line":191,"column":0},"end":{"line":191,"column":35}},"191":{"start":{"line":192,"column":0},"end":{"line":192,"column":33}},"192":{"start":{"line":193,"column":0},"end":{"line":193,"column":30}},"193":{"start":{"line":194,"column":0},"end":{"line":194,"column":5}},"194":{"start":{"line":195,"column":0},"end":{"line":195,"column":20}},"195":{"start":{"line":196,"column":0},"end":{"line":196,"column":36}},"196":{"start":{"line":197,"column":0},"end":{"line":197,"column":39}},"197":{"start":{"line":198,"column":0},"end":{"line":198,"column":38}},"198":{"start":{"line":199,"column":0},"end":{"line":199,"column":31}},"199":{"start":{"line":200,"column":0},"end":{"line":200,"column":20}},"200":{"start":{"line":201,"column":0},"end":{"line":201,"column":5}},"201":{"start":{"line":202,"column":0},"end":{"line":202,"column":16}},"202":{"start":{"line":203,"column":0},"end":{"line":203,"column":1}},"203":{"start":{"line":204,"column":0},"end":{"line":204,"column":0}},"204":{"start":{"line":205,"column":0},"end":{"line":205,"column":3}},"205":{"start":{"line":206,"column":0},"end":{"line":206,"column":57}},"206":{"start":{"line":207,"column":0},"end":{"line":207,"column":2}},"207":{"start":{"line":208,"column":0},"end":{"line":208,"column":68}},"208":{"start":{"line":209,"column":0},"end":{"line":209,"column":88}},"209":{"start":{"line":210,"column":0},"end":{"line":210,"column":62}},"210":{"start":{"line":211,"column":0},"end":{"line":211,"column":3}},"211":{"start":{"line":212,"column":0},"end":{"line":212,"column":11}},"212":{"start":{"line":213,"column":0},"end":{"line":213,"column":45}},"213":{"start":{"line":214,"column":0},"end":{"line":214,"column":3}},"214":{"start":{"line":215,"column":0},"end":{"line":215,"column":39}},"215":{"start":{"line":216,"column":0},"end":{"line":216,"column":38}},"216":{"start":{"line":217,"column":0},"end":{"line":217,"column":30}},"217":{"start":{"line":218,"column":0},"end":{"line":218,"column":5}},"218":{"start":{"line":219,"column":0},"end":{"line":219,"column":43}},"219":{"start":{"line":220,"column":0},"end":{"line":220,"column":34}},"220":{"start":{"line":221,"column":0},"end":{"line":221,"column":55}},"221":{"start":{"line":222,"column":0},"end":{"line":222,"column":9}},"222":{"start":{"line":223,"column":0},"end":{"line":223,"column":13}},"223":{"start":{"line":224,"column":0},"end":{"line":224,"column":34}},"224":{"start":{"line":225,"column":0},"end":{"line":225,"column":9}},"225":{"start":{"line":226,"column":0},"end":{"line":226,"column":5}},"226":{"start":{"line":227,"column":0},"end":{"line":227,"column":38}},"227":{"start":{"line":228,"column":0},"end":{"line":228,"column":47}},"228":{"start":{"line":229,"column":0},"end":{"line":229,"column":31}},"229":{"start":{"line":230,"column":0},"end":{"line":230,"column":55}},"230":{"start":{"line":231,"column":0},"end":{"line":231,"column":5}},"231":{"start":{"line":232,"column":0},"end":{"line":232,"column":29}},"232":{"start":{"line":233,"column":0},"end":{"line":233,"column":0}},"233":{"start":{"line":234,"column":0},"end":{"line":234,"column":34}},"234":{"start":{"line":235,"column":0},"end":{"line":235,"column":27}},"235":{"start":{"line":236,"column":0},"end":{"line":236,"column":36}},"236":{"start":{"line":237,"column":0},"end":{"line":237,"column":9}},"237":{"start":{"line":238,"column":0},"end":{"line":238,"column":14}},"238":{"start":{"line":239,"column":0},"end":{"line":239,"column":36}},"239":{"start":{"line":240,"column":0},"end":{"line":240,"column":9}},"240":{"start":{"line":241,"column":0},"end":{"line":241,"column":5}},"241":{"start":{"line":242,"column":0},"end":{"line":242,"column":48}},"242":{"start":{"line":243,"column":0},"end":{"line":243,"column":0}},"243":{"start":{"line":244,"column":0},"end":{"line":244,"column":27}},"244":{"start":{"line":245,"column":0},"end":{"line":245,"column":1}}},"s":{"0":1,"1":1,"2":1,"3":1,"4":1,"5":1,"6":1,"7":1,"8":1,"9":1,"10":1,"11":1,"12":1,"13":1,"14":1,"15":1,"16":1,"17":1,"18":1,"19":1,"20":1,"21":1,"22":1,"23":1,"24":1,"25":1,"26":1,"27":1,"28":1,"29":1,"30":1,"31":1,"32":1,"33":1,"34":1,"35":1,"36":5,"37":5,"38":2,"39":2,"40":3,"41":5,"42":105,"43":0,"44":0,"45":105,"46":105,"47":105,"48":105,"49":3,"50":3,"51":3,"52":1,"53":1,"54":1,"55":1,"56":1,"57":1,"58":1,"59":1,"60":1,"61":1,"62":1,"63":1,"64":1,"65":5,"66":5,"67":1,"68":1,"69":5,"70":11,"71":1,"72":1,"73":11,"74":3,"75":5,"76":10,"77":10,"78":3,"79":3,"80":3,"81":1,"82":1,"83":1,"84":1,"85":1,"86":1,"87":1,"88":1,"89":1,"90":1,"91":1,"92":1,"93":2,"94":2,"95":2,"96":2,"97":2,"98":28,"99":0,"100":0,"101":28,"102":2,"103":2,"104":2,"105":28,"106":4,"107":28,"108":4,"109":4,"110":28,"111":2,"112":2,"113":1,"114":1,"115":1,"116":1,"117":1,"118":1,"119":1,"120":1,"121":1,"122":1,"123":1,"124":3,"125":9,"126":1,"127":1,"128":9,"129":3,"130":1,"131":1,"132":1,"133":3,"134":3,"135":3,"136":3,"137":1,"138":1,"139":1,"140":1,"141":1,"142":1,"143":1,"144":1,"145":1,"146":1,"147":1,"148":1,"149":1,"150":1,"151":1,"152":1,"153":8,"154":2,"155":2,"156":8,"157":0,"158":0,"159":6,"160":6,"161":8,"162":1,"163":1,"164":5,"165":1,"166":1,"167":4,"168":1,"169":1,"170":3,"171":2,"172":2,"173":1,"174":1,"175":1,"176":5,"177":5,"178":5,"179":1,"180":1,"181":1,"182":1,"183":1,"184":1,"185":1,"186":1,"187":1,"188":1,"189":1,"190":1,"191":3,"192":1,"193":1,"194":2,"195":2,"196":2,"197":2,"198":3,"199":1,"200":1,"201":1,"202":1,"203":1,"204":1,"205":1,"206":1,"207":1,"208":1,"209":1,"210":1,"211":1,"212":1,"213":1,"214":1,"215":3,"216":1,"217":1,"218":2,"219":3,"220":6,"221":5,"222":1,"223":1,"224":1,"225":6,"226":1,"227":1,"228":3,"229":5,"230":5,"231":1,"232":1,"233":3,"234":5,"235":3,"236":3,"237":2,"238":2,"239":2,"240":5,"241":1,"242":1,"243":1,"244":1},"branchMap":{"0":{"type":"branch","line":36,"loc":{"start":{"line":36,"column":7},"end":{"line":52,"column":1}},"locations":[{"start":{"line":36,"column":7},"end":{"line":52,"column":1}}]},"1":{"type":"branch","line":38,"loc":{"start":{"line":38,"column":19},"end":{"line":38,"column":35}},"locations":[{"start":{"line":38,"column":19},"end":{"line":38,"column":35}}]},"2":{"type":"branch","line":38,"loc":{"start":{"line":38,"column":37},"end":{"line":40,"column":5}},"locations":[{"start":{"line":38,"column":37},"end":{"line":40,"column":5}}]},"3":{"type":"branch","line":41,"loc":{"start":{"line":41,"column":-2},"end":{"line":42,"column":37}},"locations":[{"start":{"line":41,"column":-2},"end":{"line":42,"column":37}}]},"4":{"type":"branch","line":42,"loc":{"start":{"line":42,"column":37},"end":{"line":49,"column":5}},"locations":[{"start":{"line":42,"column":37},"end":{"line":49,"column":5}}]},"5":{"type":"branch","line":43,"loc":{"start":{"line":43,"column":21},"end":{"line":45,"column":9}},"locations":[{"start":{"line":43,"column":21},"end":{"line":45,"column":9}}]},"6":{"type":"branch","line":50,"loc":{"start":{"line":50,"column":-2},"end":{"line":52,"column":1}},"locations":[{"start":{"line":50,"column":-2},"end":{"line":52,"column":1}}]},"7":{"type":"branch","line":65,"loc":{"start":{"line":65,"column":7},"end":{"line":81,"column":1}},"locations":[{"start":{"line":65,"column":7},"end":{"line":81,"column":1}}]},"8":{"type":"branch","line":67,"loc":{"start":{"line":67,"column":29},"end":{"line":69,"column":5}},"locations":[{"start":{"line":67,"column":29},"end":{"line":69,"column":5}}]},"9":{"type":"branch","line":70,"loc":{"start":{"line":70,"column":-2},"end":{"line":70,"column":26}},"locations":[{"start":{"line":70,"column":-2},"end":{"line":70,"column":26}}]},"10":{"type":"branch","line":70,"loc":{"start":{"line":70,"column":26},"end":{"line":74,"column":5}},"locations":[{"start":{"line":70,"column":26},"end":{"line":74,"column":5}}]},"11":{"type":"branch","line":71,"loc":{"start":{"line":71,"column":46},"end":{"line":73,"column":9}},"locations":[{"start":{"line":71,"column":46},"end":{"line":73,"column":9}}]},"12":{"type":"branch","line":75,"loc":{"start":{"line":75,"column":-2},"end":{"line":76,"column":26}},"locations":[{"start":{"line":75,"column":-2},"end":{"line":76,"column":26}}]},"13":{"type":"branch","line":76,"loc":{"start":{"line":76,"column":26},"end":{"line":78,"column":5}},"locations":[{"start":{"line":76,"column":26},"end":{"line":78,"column":5}}]},"14":{"type":"branch","line":79,"loc":{"start":{"line":79,"column":-2},"end":{"line":81,"column":1}},"locations":[{"start":{"line":79,"column":-2},"end":{"line":81,"column":1}}]},"15":{"type":"branch","line":93,"loc":{"start":{"line":93,"column":7},"end":{"line":113,"column":1}},"locations":[{"start":{"line":93,"column":7},"end":{"line":113,"column":1}}]},"16":{"type":"branch","line":98,"loc":{"start":{"line":98,"column":25},"end":{"line":102,"column":5}},"locations":[{"start":{"line":98,"column":25},"end":{"line":102,"column":5}}]},"17":{"type":"branch","line":99,"loc":{"start":{"line":99,"column":35},"end":{"line":101,"column":9}},"locations":[{"start":{"line":99,"column":35},"end":{"line":101,"column":9}}]},"18":{"type":"branch","line":105,"loc":{"start":{"line":105,"column":25},"end":{"line":111,"column":5}},"locations":[{"start":{"line":105,"column":25},"end":{"line":111,"column":5}}]},"19":{"type":"branch","line":106,"loc":{"start":{"line":106,"column":35},"end":{"line":108,"column":9}},"locations":[{"start":{"line":106,"column":35},"end":{"line":108,"column":9}}]},"20":{"type":"branch","line":108,"loc":{"start":{"line":108,"column":9},"end":{"line":110,"column":9}},"locations":[{"start":{"line":108,"column":9},"end":{"line":110,"column":9}}]},"21":{"type":"branch","line":108,"loc":{"start":{"line":108,"column":44},"end":{"line":110,"column":9}},"locations":[{"start":{"line":108,"column":44},"end":{"line":110,"column":9}}]},"22":{"type":"branch","line":124,"loc":{"start":{"line":124,"column":7},"end":{"line":139,"column":1}},"locations":[{"start":{"line":124,"column":7},"end":{"line":139,"column":1}}]},"23":{"type":"branch","line":125,"loc":{"start":{"line":125,"column":28},"end":{"line":129,"column":5}},"locations":[{"start":{"line":125,"column":28},"end":{"line":129,"column":5}}]},"24":{"type":"branch","line":126,"loc":{"start":{"line":126,"column":24},"end":{"line":128,"column":9}},"locations":[{"start":{"line":126,"column":24},"end":{"line":128,"column":9}}]},"25":{"type":"branch","line":130,"loc":{"start":{"line":130,"column":-2},"end":{"line":130,"column":29}},"locations":[{"start":{"line":130,"column":-2},"end":{"line":130,"column":29}}]},"26":{"type":"branch","line":130,"loc":{"start":{"line":130,"column":29},"end":{"line":134,"column":27}},"locations":[{"start":{"line":130,"column":29},"end":{"line":134,"column":27}}]},"27":{"type":"branch","line":136,"loc":{"start":{"line":136,"column":12},"end":{"line":136,"column":26}},"locations":[{"start":{"line":136,"column":12},"end":{"line":136,"column":26}}]},"28":{"type":"branch","line":138,"loc":{"start":{"line":138,"column":-2},"end":{"line":139,"column":1}},"locations":[{"start":{"line":138,"column":-2},"end":{"line":139,"column":1}}]},"29":{"type":"branch","line":153,"loc":{"start":{"line":153,"column":7},"end":{"line":179,"column":1}},"locations":[{"start":{"line":153,"column":7},"end":{"line":179,"column":1}}]},"30":{"type":"branch","line":154,"loc":{"start":{"line":154,"column":17},"end":{"line":154,"column":28}},"locations":[{"start":{"line":154,"column":17},"end":{"line":154,"column":28}}]},"31":{"type":"branch","line":154,"loc":{"start":{"line":154,"column":30},"end":{"line":156,"column":5}},"locations":[{"start":{"line":154,"column":30},"end":{"line":156,"column":5}}]},"32":{"type":"branch","line":157,"loc":{"start":{"line":157,"column":-2},"end":{"line":157,"column":16}},"locations":[{"start":{"line":157,"column":-2},"end":{"line":157,"column":16}}]},"33":{"type":"branch","line":157,"loc":{"start":{"line":157,"column":16},"end":{"line":157,"column":43}},"locations":[{"start":{"line":157,"column":16},"end":{"line":157,"column":43}}]},"34":{"type":"branch","line":157,"loc":{"start":{"line":157,"column":45},"end":{"line":159,"column":5}},"locations":[{"start":{"line":157,"column":45},"end":{"line":159,"column":5}}]},"35":{"type":"branch","line":160,"loc":{"start":{"line":160,"column":-2},"end":{"line":162,"column":29}},"locations":[{"start":{"line":160,"column":-2},"end":{"line":162,"column":29}}]},"36":{"type":"branch","line":162,"loc":{"start":{"line":162,"column":29},"end":{"line":164,"column":5}},"locations":[{"start":{"line":162,"column":29},"end":{"line":164,"column":5}}]},"37":{"type":"branch","line":165,"loc":{"start":{"line":165,"column":-2},"end":{"line":179,"column":1}},"locations":[{"start":{"line":165,"column":-2},"end":{"line":179,"column":1}}]},"38":{"type":"branch","line":165,"loc":{"start":{"line":165,"column":39},"end":{"line":167,"column":5}},"locations":[{"start":{"line":165,"column":39},"end":{"line":167,"column":5}}]},"39":{"type":"branch","line":168,"loc":{"start":{"line":168,"column":-2},"end":{"line":176,"column":5}},"locations":[{"start":{"line":168,"column":-2},"end":{"line":176,"column":5}}]},"40":{"type":"branch","line":168,"loc":{"start":{"line":168,"column":39},"end":{"line":170,"column":5}},"locations":[{"start":{"line":168,"column":39},"end":{"line":170,"column":5}}]},"41":{"type":"branch","line":171,"loc":{"start":{"line":171,"column":-2},"end":{"line":176,"column":5}},"locations":[{"start":{"line":171,"column":-2},"end":{"line":176,"column":5}}]},"42":{"type":"branch","line":171,"loc":{"start":{"line":171,"column":37},"end":{"line":173,"column":5}},"locations":[{"start":{"line":171,"column":37},"end":{"line":173,"column":5}}]},"43":{"type":"branch","line":174,"loc":{"start":{"line":174,"column":-2},"end":{"line":176,"column":5}},"locations":[{"start":{"line":174,"column":-2},"end":{"line":176,"column":5}}]},"44":{"type":"branch","line":191,"loc":{"start":{"line":191,"column":7},"end":{"line":203,"column":1}},"locations":[{"start":{"line":191,"column":7},"end":{"line":203,"column":1}}]},"45":{"type":"branch","line":192,"loc":{"start":{"line":192,"column":32},"end":{"line":194,"column":5}},"locations":[{"start":{"line":192,"column":32},"end":{"line":194,"column":5}}]},"46":{"type":"branch","line":195,"loc":{"start":{"line":195,"column":-2},"end":{"line":199,"column":30}},"locations":[{"start":{"line":195,"column":-2},"end":{"line":199,"column":30}}]},"47":{"type":"branch","line":199,"loc":{"start":{"line":199,"column":30},"end":{"line":203,"column":1}},"locations":[{"start":{"line":199,"column":30},"end":{"line":203,"column":1}}]},"48":{"type":"branch","line":215,"loc":{"start":{"line":215,"column":7},"end":{"line":245,"column":1}},"locations":[{"start":{"line":215,"column":7},"end":{"line":245,"column":1}}]},"49":{"type":"branch","line":216,"loc":{"start":{"line":216,"column":37},"end":{"line":218,"column":5}},"locations":[{"start":{"line":216,"column":37},"end":{"line":218,"column":5}}]},"50":{"type":"branch","line":219,"loc":{"start":{"line":219,"column":-2},"end":{"line":220,"column":33}},"locations":[{"start":{"line":219,"column":-2},"end":{"line":220,"column":33}}]},"51":{"type":"branch","line":220,"loc":{"start":{"line":220,"column":33},"end":{"line":226,"column":5}},"locations":[{"start":{"line":220,"column":33},"end":{"line":226,"column":5}}]},"52":{"type":"branch","line":221,"loc":{"start":{"line":221,"column":31},"end":{"line":221,"column":52}},"locations":[{"start":{"line":221,"column":31},"end":{"line":221,"column":52}}]},"53":{"type":"branch","line":221,"loc":{"start":{"line":221,"column":54},"end":{"line":222,"column":9}},"locations":[{"start":{"line":221,"column":54},"end":{"line":222,"column":9}}]},"54":{"type":"branch","line":223,"loc":{"start":{"line":223,"column":-2},"end":{"line":225,"column":9}},"locations":[{"start":{"line":223,"column":-2},"end":{"line":225,"column":9}}]},"55":{"type":"branch","line":227,"loc":{"start":{"line":227,"column":-2},"end":{"line":229,"column":30}},"locations":[{"start":{"line":227,"column":-2},"end":{"line":229,"column":30}}]},"56":{"type":"branch","line":229,"loc":{"start":{"line":229,"column":30},"end":{"line":231,"column":5}},"locations":[{"start":{"line":229,"column":30},"end":{"line":231,"column":5}}]},"57":{"type":"branch","line":232,"loc":{"start":{"line":232,"column":-2},"end":{"line":234,"column":33}},"locations":[{"start":{"line":232,"column":-2},"end":{"line":234,"column":33}}]},"58":{"type":"branch","line":234,"loc":{"start":{"line":234,"column":33},"end":{"line":241,"column":5}},"locations":[{"start":{"line":234,"column":33},"end":{"line":241,"column":5}}]},"59":{"type":"branch","line":235,"loc":{"start":{"line":235,"column":26},"end":{"line":237,"column":9}},"locations":[{"start":{"line":235,"column":26},"end":{"line":237,"column":9}}]},"60":{"type":"branch","line":238,"loc":{"start":{"line":238,"column":-2},"end":{"line":240,"column":9}},"locations":[{"start":{"line":238,"column":-2},"end":{"line":240,"column":9}}]},"61":{"type":"branch","line":242,"loc":{"start":{"line":242,"column":-2},"end":{"line":245,"column":1}},"locations":[{"start":{"line":242,"column":-2},"end":{"line":245,"column":1}}]}},"b":{"0":[5],"1":[4],"2":[2],"3":[3],"4":[105],"5":[0],"6":[3],"7":[5],"8":[1],"9":[4],"10":[11],"11":[1],"12":[3],"13":[10],"14":[3],"15":[2],"16":[28],"17":[0],"18":[28],"19":[4],"20":[24],"21":[4],"22":[3],"23":[9],"24":[1],"25":[2],"26":[1],"27":[2],"28":[1],"29":[8],"30":[7],"31":[2],"32":[6],"33":[1],"34":[0],"35":[6],"36":[1],"37":[5],"38":[1],"39":[4],"40":[1],"41":[3],"42":[2],"43":[1],"44":[3],"45":[1],"46":[2],"47":[1],"48":[3],"49":[1],"50":[2],"51":[6],"52":[3],"53":[5],"54":[1],"55":[1],"56":[5],"57":[1],"58":[5],"59":[3],"60":[2],"61":[1]},"fnMap":{"0":{"name":"blastoff","decl":{"start":{"line":36,"column":7},"end":{"line":52,"column":1}},"loc":{"start":{"line":36,"column":7},"end":{"line":52,"column":1}},"line":36},"1":{"name":"average","decl":{"start":{"line":65,"column":7},"end":{"line":81,"column":1}},"loc":{"start":{"line":65,"column":7},"end":{"line":81,"column":1}},"line":65},"2":{"name":"vowelsAndConsonants","decl":{"start":{"line":93,"column":7},"end":{"line":113,"column":1}},"loc":{"start":{"line":93,"column":7},"end":{"line":113,"column":1}},"line":93},"3":{"name":"greatest","decl":{"start":{"line":124,"column":7},"end":{"line":139,"column":1}},"loc":{"start":{"line":124,"column":7},"end":{"line":139,"column":1}},"line":124},"4":{"name":"calculator","decl":{"start":{"line":153,"column":7},"end":{"line":179,"column":1}},"loc":{"start":{"line":153,"column":7},"end":{"line":179,"column":1}},"line":153},"5":{"name":"isPalindrome","decl":{"start":{"line":191,"column":7},"end":{"line":203,"column":1}},"loc":{"start":{"line":191,"column":7},"end":{"line":203,"column":1}},"line":191},"6":{"name":"bitwiseNot","decl":{"start":{"line":215,"column":7},"end":{"line":245,"column":1}},"loc":{"start":{"line":215,"column":7},"end":{"line":245,"column":1}},"line":215}},"f":{"0":5,"1":5,"2":2,"3":3,"4":8,"5":3,"6":3}}
}
