<?xml version="1.0" encoding="UTF-8"?>
<coverage generated="1757704748267" clover="3.2.0">
  <project timestamp="1757704748267" name="All files">
    <metrics statements="31" coveredstatements="31" conditionals="13" coveredconditionals="13" methods="1" coveredmethods="1" elements="45" coveredelements="45" complexity="0" loc="31" ncloc="31" packages="1" files="1" classes="1"/>
    <file name="script.ts" path="C:\Users\logan\Documents\GitHub\College-Classes\435 - MAD\Lab\9-12-25\lab1\src\script.ts">
      <metrics statements="31" coveredstatements="31" conditionals="13" coveredconditionals="13" methods="1" coveredmethods="1"/>
      <line num="70" count="1" type="cond" truecount="1" falsecount="0"/>
      <line num="72" count="7" type="stmt"/>
      <line num="73" count="7" type="stmt"/>
      <line num="74" count="7" type="stmt"/>
      <line num="77" count="7" type="cond" truecount="1" falsecount="0"/>
      <line num="78" count="14" type="cond" truecount="1" falsecount="0"/>
      <line num="79" count="40" type="cond" truecount="1" falsecount="0"/>
      <line num="80" count="7" type="stmt"/>
      <line num="81" count="7" type="stmt"/>
      <line num="82" count="40" type="stmt"/>
      <line num="83" count="14" type="stmt"/>
      <line num="85" count="7" type="stmt"/>
      <line num="86" count="7" type="cond" truecount="1" falsecount="0"/>
      <line num="87" count="21" type="cond" truecount="1" falsecount="0"/>
      <line num="88" count="18" type="stmt"/>
      <line num="89" count="21" type="cond" truecount="1" falsecount="0"/>
      <line num="90" count="6" type="stmt"/>
      <line num="91" count="6" type="cond" truecount="1" falsecount="0"/>
      <line num="92" count="21" type="cond" truecount="1" falsecount="0"/>
      <line num="95" count="45" type="cond" truecount="1" falsecount="0"/>
      <line num="96" count="40" type="stmt"/>
      <line num="97" count="45" type="cond" truecount="1" falsecount="0"/>
      <line num="98" count="11" type="stmt"/>
      <line num="99" count="45" type="cond" truecount="1" falsecount="0"/>
      <line num="100" count="34" type="stmt"/>
      <line num="101" count="34" type="stmt"/>
      <line num="102" count="45" type="cond" truecount="1" falsecount="0"/>
      <line num="103" count="15" type="stmt"/>
      <line num="104" count="7" type="stmt"/>
      <line num="110" count="7" type="stmt"/>
      <line num="111" count="7" type="stmt"/>
    </file>
  </project>
</coverage>
