{"C:\\Users\\logan\\Documents\\GitHub\\College-Classes\\435 - MAD\\Lab\\9-12-25\\lab1\\src\\script.ts": {"path":"C:\\Users\\logan\\Documents\\GitHub\\College-Classes\\435 - MAD\\Lab\\9-12-25\\lab1\\src\\script.ts","all":false,"statementMap":{"69":{"start":{"line":70,"column":0},"end":{"line":70,"column":77}},"71":{"start":{"line":72,"column":0},"end":{"line":72,"column":68}},"72":{"start":{"line":73,"column":0},"end":{"line":73,"column":44}},"73":{"start":{"line":74,"column":0},"end":{"line":74,"column":40}},"76":{"start":{"line":77,"column":0},"end":{"line":77,"column":56}},"77":{"start":{"line":78,"column":0},"end":{"line":78,"column":66}},"78":{"start":{"line":79,"column":0},"end":{"line":79,"column":47}},"79":{"start":{"line":80,"column":0},"end":{"line":80,"column":49}},"80":{"start":{"line":81,"column":0},"end":{"line":81,"column":13}},"81":{"start":{"line":82,"column":0},"end":{"line":82,"column":9}},"82":{"start":{"line":83,"column":0},"end":{"line":83,"column":5}},"84":{"start":{"line":85,"column":0},"end":{"line":85,"column":90}},"85":{"start":{"line":86,"column":0},"end":{"line":86,"column":61}},"86":{"start":{"line":87,"column":0},"end":{"line":87,"column":69}},"87":{"start":{"line":88,"column":0},"end":{"line":88,"column":85}},"88":{"start":{"line":89,"column":0},"end":{"line":89,"column":15}},"89":{"start":{"line":90,"column":0},"end":{"line":90,"column":24}},"90":{"start":{"line":91,"column":0},"end":{"line":91,"column":13}},"91":{"start":{"line":92,"column":0},"end":{"line":92,"column":65}},"94":{"start":{"line":95,"column":0},"end":{"line":95,"column":70}},"95":{"start":{"line":96,"column":0},"end":{"line":96,"column":133}},"96":{"start":{"line":97,"column":0},"end":{"line":97,"column":15}},"97":{"start":{"line":98,"column":0},"end":{"line":98,"column":24}},"98":{"start":{"line":99,"column":0},"end":{"line":99,"column":21}},"99":{"start":{"line":100,"column":0},"end":{"line":100,"column":128}},"100":{"start":{"line":101,"column":0},"end":{"line":101,"column":15}},"101":{"start":{"line":102,"column":0},"end":{"line":102,"column":13}},"102":{"start":{"line":103,"column":0},"end":{"line":103,"column":9}},"103":{"start":{"line":104,"column":0},"end":{"line":104,"column":5}},"109":{"start":{"line":110,"column":0},"end":{"line":110,"column":24}},"110":{"start":{"line":111,"column":0},"end":{"line":111,"column":1}}},"s":{"69":1,"71":7,"72":7,"73":7,"76":7,"77":14,"78":40,"79":7,"80":7,"81":40,"82":14,"84":7,"85":7,"86":21,"87":18,"88":21,"89":6,"90":6,"91":21,"94":45,"95":40,"96":45,"97":11,"98":45,"99":34,"100":34,"101":45,"102":15,"103":7,"109":7,"110":7},"branchMap":{"0":{"type":"branch","line":70,"loc":{"start":{"line":70,"column":7},"end":{"line":111,"column":1}},"locations":[{"start":{"line":70,"column":7},"end":{"line":111,"column":1}}]},"1":{"type":"branch","line":77,"loc":{"start":{"line":77,"column":55},"end":{"line":83,"column":5}},"locations":[{"start":{"line":77,"column":55},"end":{"line":83,"column":5}}]},"2":{"type":"branch","line":78,"loc":{"start":{"line":78,"column":65},"end":{"line":82,"column":9}},"locations":[{"start":{"line":78,"column":65},"end":{"line":82,"column":9}}]},"3":{"type":"branch","line":79,"loc":{"start":{"line":79,"column":46},"end":{"line":81,"column":13}},"locations":[{"start":{"line":79,"column":46},"end":{"line":81,"column":13}}]},"4":{"type":"branch","line":86,"loc":{"start":{"line":86,"column":60},"end":{"line":103,"column":9}},"locations":[{"start":{"line":86,"column":60},"end":{"line":103,"column":9}}]},"5":{"type":"branch","line":87,"loc":{"start":{"line":87,"column":65},"end":{"line":88,"column":85}},"locations":[{"start":{"line":87,"column":65},"end":{"line":88,"column":85}}]},"6":{"type":"branch","line":89,"loc":{"start":{"line":89,"column":14},"end":{"line":91,"column":13}},"locations":[{"start":{"line":89,"column":14},"end":{"line":91,"column":13}}]},"7":{"type":"branch","line":91,"loc":{"start":{"line":91,"column":12},"end":{"line":92,"column":64}},"locations":[{"start":{"line":91,"column":12},"end":{"line":92,"column":64}}]},"8":{"type":"branch","line":92,"loc":{"start":{"line":92,"column":64},"end":{"line":102,"column":13}},"locations":[{"start":{"line":92,"column":64},"end":{"line":102,"column":13}}]},"9":{"type":"branch","line":95,"loc":{"start":{"line":95,"column":66},"end":{"line":96,"column":133}},"locations":[{"start":{"line":95,"column":66},"end":{"line":96,"column":133}}]},"10":{"type":"branch","line":97,"loc":{"start":{"line":97,"column":14},"end":{"line":99,"column":20}},"locations":[{"start":{"line":97,"column":14},"end":{"line":99,"column":20}}]},"11":{"type":"branch","line":99,"loc":{"start":{"line":99,"column":12},"end":{"line":101,"column":15}},"locations":[{"start":{"line":99,"column":12},"end":{"line":101,"column":15}}]},"12":{"type":"branch","line":102,"loc":{"start":{"line":102,"column":12},"end":{"line":103,"column":9}},"locations":[{"start":{"line":102,"column":12},"end":{"line":103,"column":9}}]}},"b":{"0":[7],"1":[14],"2":[40],"3":[7],"4":[21],"5":[18],"6":[6],"7":[15],"8":[45],"9":[40],"10":[11],"11":[34],"12":[15]},"fnMap":{"0":{"name":"antialias","decl":{"start":{"line":70,"column":7},"end":{"line":111,"column":1}},"loc":{"start":{"line":70,"column":7},"end":{"line":111,"column":1}},"line":70}},"f":{"0":7}}
}
